{"/home/travis/build/npmtest/node-npmtest-derby/test.js":{"path":"/home/travis/build/npmtest/node-npmtest-derby/test.js","s":{"1":2,"2":2,"3":2,"4":2,"5":2,"6":2,"7":2,"8":1,"9":2,"10":2,"11":1,"12":1,"13":1,"14":1,"15":2,"16":2,"17":2,"18":2,"19":1,"20":1,"21":2,"22":2,"23":2,"24":1,"25":1,"26":1,"27":1,"28":1,"29":1,"30":1,"31":1,"32":1,"33":1,"34":1,"35":1,"36":1,"37":1,"38":1,"39":2,"40":2,"41":1,"42":2,"43":2,"44":1,"45":2,"46":2,"47":1,"48":2,"49":2,"50":1,"51":1,"52":1,"53":1,"54":1},"b":{"1":[2,1,1,1],"2":[1,1,1,1],"3":[1,1],"4":[1,1],"5":[1,1],"6":[1,1],"7":[1,1],"8":[1,1],"9":[1,1],"10":[1,1,1],"11":[1,1],"12":[1,1],"13":[1,1],"14":[1,1],"15":[1,1],"16":[1,1],"17":[1,1]},"f":{"1":2,"2":2,"3":2,"4":2,"5":2,"6":1,"7":1,"8":1,"9":2,"10":2,"11":2,"12":2,"13":1},"fnMap":{"1":{"name":"(anonymous_1)","line":12,"loc":{"start":{"line":12,"column":1},"end":{"line":12,"column":13}}},"2":{"name":"(anonymous_2)","line":19,"loc":{"start":{"line":19,"column":5},"end":{"line":19,"column":17}}},"3":{"name":"(anonymous_3)","line":23,"loc":{"start":{"line":23,"column":24},"end":{"line":23,"column":36}}},"4":{"name":"(anonymous_4)","line":61,"loc":{"start":{"line":61,"column":5},"end":{"line":61,"column":17}}},"5":{"name":"(anonymous_5)","line":82,"loc":{"start":{"line":82,"column":5},"end":{"line":82,"column":17}}},"6":{"name":"(anonymous_6)","line":91,"loc":{"start":{"line":91,"column":77},"end":{"line":94,"column":10}}},"7":{"name":"(anonymous_7)","line":112,"loc":{"start":{"line":112,"column":83},"end":{"line":115,"column":10}},"skip":true},"8":{"name":"(anonymous_8)","line":123,"loc":{"start":{"line":123,"column":77},"end":{"line":126,"column":10}},"skip":true},"9":{"name":"(anonymous_9)","line":139,"loc":{"start":{"line":139,"column":12},"end":{"line":139,"column":40}},"skip":true},"10":{"name":"(anonymous_10)","line":147,"loc":{"start":{"line":147,"column":77},"end":{"line":150,"column":10}},"skip":true},"11":{"name":"(anonymous_11)","line":158,"loc":{"start":{"line":158,"column":83},"end":{"line":161,"column":10}},"skip":true},"12":{"name":"(anonymous_12)","line":169,"loc":{"start":{"line":169,"column":79},"end":{"line":172,"column":10}},"skip":true},"13":{"name":"(anonymous_13)","line":180,"loc":{"start":{"line":180,"column":75},"end":{"line":183,"column":10}},"skip":true}},"statementMap":{"1":{"start":{"line":12,"column":0},"end":{"line":195,"column":5}},"2":{"start":{"line":14,"column":4},"end":{"line":14,"column":14}},"3":{"start":{"line":19,"column":4},"end":{"line":56,"column":9}},"4":{"start":{"line":21,"column":8},"end":{"line":21,"column":19}},"5":{"start":{"line":23,"column":8},"end":{"line":35,"column":13}},"6":{"start":{"line":24,"column":12},"end":{"line":34,"column":13}},"7":{"start":{"line":25,"column":16},"end":{"line":28,"column":30}},"8":{"start":{"line":30,"column":16},"end":{"line":33,"column":27}},"9":{"start":{"line":37,"column":8},"end":{"line":39,"column":21}},"10":{"start":{"line":40,"column":8},"end":{"line":53,"column":9}},"11":{"start":{"line":43,"column":12},"end":{"line":46,"column":14}},"12":{"start":{"line":47,"column":12},"end":{"line":47,"column":18}},"13":{"start":{"line":50,"column":12},"end":{"line":51,"column":46}},"14":{"start":{"line":52,"column":12},"end":{"line":52,"column":18}},"15":{"start":{"line":55,"column":8},"end":{"line":55,"column":35}},"16":{"start":{"line":61,"column":4},"end":{"line":63,"column":9}},"17":{"start":{"line":62,"column":8},"end":{"line":62,"column":15}},"18":{"start":{"line":64,"column":4},"end":{"line":77,"column":5}},"19":{"start":{"line":70,"column":8},"end":{"line":70,"column":14}},"20":{"start":{"line":76,"column":8},"end":{"line":76,"column":14}},"21":{"start":{"line":82,"column":4},"end":{"line":84,"column":9}},"22":{"start":{"line":83,"column":8},"end":{"line":83,"column":15}},"23":{"start":{"line":85,"column":4},"end":{"line":194,"column":5}},"24":{"start":{"line":91,"column":8},"end":{"line":99,"column":10}},"25":{"start":{"line":98,"column":12},"end":{"line":98,"column":35}},"26":{"start":{"line":102,"column":8},"end":{"line":104,"column":63}},"27":{"start":{"line":105,"column":8},"end":{"line":105,"column":14}},"28":{"start":{"line":112,"column":8},"end":{"line":121,"column":10},"skip":true},"29":{"start":{"line":119,"column":12},"end":{"line":119,"column":55},"skip":true},"30":{"start":{"line":120,"column":12},"end":{"line":120,"column":48},"skip":true},"31":{"start":{"line":123,"column":8},"end":{"line":136,"column":10},"skip":true},"32":{"start":{"line":130,"column":12},"end":{"line":130,"column":76},"skip":true},"33":{"start":{"line":131,"column":12},"end":{"line":131,"column":73},"skip":true},"34":{"start":{"line":132,"column":12},"end":{"line":132,"column":74},"skip":true},"35":{"start":{"line":133,"column":12},"end":{"line":133,"column":79},"skip":true},"36":{"start":{"line":134,"column":12},"end":{"line":134,"column":25},"skip":true},"37":{"start":{"line":135,"column":12},"end":{"line":135,"column":45},"skip":true},"38":{"start":{"line":138,"column":8},"end":{"line":145,"column":14},"skip":true},"39":{"start":{"line":143,"column":16},"end":{"line":143,"column":29},"skip":true},"40":{"start":{"line":144,"column":16},"end":{"line":144,"column":55},"skip":true},"41":{"start":{"line":147,"column":8},"end":{"line":156,"column":10},"skip":true},"42":{"start":{"line":154,"column":12},"end":{"line":154,"column":25},"skip":true},"43":{"start":{"line":155,"column":12},"end":{"line":155,"column":45},"skip":true},"44":{"start":{"line":158,"column":8},"end":{"line":167,"column":10},"skip":true},"45":{"start":{"line":165,"column":12},"end":{"line":165,"column":25},"skip":true},"46":{"start":{"line":166,"column":12},"end":{"line":166,"column":48},"skip":true},"47":{"start":{"line":169,"column":8},"end":{"line":178,"column":10},"skip":true},"48":{"start":{"line":176,"column":12},"end":{"line":176,"column":25},"skip":true},"49":{"start":{"line":177,"column":12},"end":{"line":177,"column":46},"skip":true},"50":{"start":{"line":180,"column":8},"end":{"line":189,"column":10},"skip":true},"51":{"start":{"line":187,"column":12},"end":{"line":187,"column":94},"skip":true},"52":{"start":{"line":188,"column":12},"end":{"line":188,"column":48},"skip":true},"53":{"start":{"line":192,"column":8},"end":{"line":192,"column":35},"skip":true},"54":{"start":{"line":193,"column":8},"end":{"line":193,"column":14},"skip":true}},"branchMap":{"1":{"line":25,"type":"binary-expr","locations":[{"start":{"line":25,"column":23},"end":{"line":25,"column":62}},{"start":{"line":26,"column":20},"end":{"line":26,"column":70}},{"start":{"line":27,"column":20},"end":{"line":27,"column":71}},{"start":{"line":28,"column":20},"end":{"line":28,"column":29}}]},"2":{"line":30,"type":"binary-expr","locations":[{"start":{"line":30,"column":23},"end":{"line":30,"column":37}},{"start":{"line":31,"column":20},"end":{"line":31,"column":61}},{"start":{"line":32,"column":20},"end":{"line":32,"column":70}},{"start":{"line":33,"column":20},"end":{"line":33,"column":26}}]},"3":{"line":37,"type":"cond-expr","locations":[{"start":{"line":38,"column":14},"end":{"line":38,"column":20}},{"start":{"line":39,"column":14},"end":{"line":39,"column":20}}]},"4":{"line":40,"type":"switch","locations":[{"start":{"line":42,"column":8},"end":{"line":47,"column":18}},{"start":{"line":49,"column":8},"end":{"line":52,"column":18}}]},"5":{"line":44,"type":"binary-expr","locations":[{"start":{"line":44,"column":16},"end":{"line":44,"column":44}},{"start":{"line":44,"column":48},"end":{"line":44,"column":66}}]},"6":{"line":50,"type":"binary-expr","locations":[{"start":{"line":50,"column":21},"end":{"line":50,"column":49}},{"start":{"line":50,"column":53},"end":{"line":50,"column":72}}]},"7":{"line":64,"type":"switch","locations":[{"start":{"line":69,"column":4},"end":{"line":70,"column":14}},{"start":{"line":75,"column":4},"end":{"line":76,"column":14}}]},"8":{"line":85,"type":"switch","locations":[{"start":{"line":90,"column":4},"end":{"line":105,"column":14}},{"start":{"line":111,"column":4},"end":{"line":193,"column":14},"skip":true}]},"9":{"line":91,"type":"binary-expr","locations":[{"start":{"line":91,"column":42},"end":{"line":91,"column":73}},{"start":{"line":91,"column":77},"end":{"line":99,"column":9}}]},"10":{"line":102,"type":"binary-expr","locations":[{"start":{"line":102,"column":18},"end":{"line":102,"column":32}},{"start":{"line":103,"column":12},"end":{"line":103,"column":53}},{"start":{"line":104,"column":12},"end":{"line":104,"column":61}}]},"11":{"line":112,"type":"binary-expr","locations":[{"start":{"line":112,"column":45},"end":{"line":112,"column":79},"skip":true},{"start":{"line":112,"column":83},"end":{"line":121,"column":9},"skip":true}]},"12":{"line":123,"type":"binary-expr","locations":[{"start":{"line":123,"column":42},"end":{"line":123,"column":73},"skip":true},{"start":{"line":123,"column":77},"end":{"line":136,"column":9},"skip":true}]},"13":{"line":138,"type":"binary-expr","locations":[{"start":{"line":138,"column":48},"end":{"line":138,"column":85},"skip":true},{"start":{"line":139,"column":12},"end":{"line":145,"column":13},"skip":true}]},"14":{"line":147,"type":"binary-expr","locations":[{"start":{"line":147,"column":42},"end":{"line":147,"column":73},"skip":true},{"start":{"line":147,"column":77},"end":{"line":156,"column":9},"skip":true}]},"15":{"line":158,"type":"binary-expr","locations":[{"start":{"line":158,"column":45},"end":{"line":158,"column":79},"skip":true},{"start":{"line":158,"column":83},"end":{"line":167,"column":9},"skip":true}]},"16":{"line":169,"type":"binary-expr","locations":[{"start":{"line":169,"column":43},"end":{"line":169,"column":75},"skip":true},{"start":{"line":169,"column":79},"end":{"line":178,"column":9},"skip":true}]},"17":{"line":180,"type":"binary-expr","locations":[{"start":{"line":180,"column":41},"end":{"line":180,"column":71},"skip":true},{"start":{"line":180,"column":75},"end":{"line":189,"column":9},"skip":true}]}},"code":["/* istanbul instrument in package npmtest_derby */","/*jslint","    bitwise: true,","    browser: true,","    maxerr: 8,","    maxlen: 96,","    node: true,","    nomen: true,","    regexp: true,","    stupid: true","*/","(function () {","    'use strict';","    var local;","","","","    // run shared js-env code - pre-init","    (function () {","        // init local","        local = {};","        // init modeJs","        local.modeJs = (function () {","            try {","                return typeof navigator.userAgent === 'string' &&","                    typeof document.querySelector('body') === 'object' &&","                    typeof XMLHttpRequest.prototype.open === 'function' &&","                    'browser';","            } catch (errorCaughtBrowser) {","                return module.exports &&","                    typeof process.versions.node === 'string' &&","                    typeof require('http').createServer === 'function' &&","                    'node';","            }","        }());","        // init global","        local.global = local.modeJs === 'browser'","            ? window","            : global;","        switch (local.modeJs) {","        // re-init local from window.local","        case 'browser':","            local = local.global.utility2.objectSetDefault(","                local.global.utility2_rollup || local.global.local,","                local.global.utility2","            );","            break;","        // re-init local from example.js","        case 'node':","            local = (local.global.utility2_rollup || require('utility2'))","                .requireExampleJsFromReadme();","            break;","        }","        // export local","        local.global.local = local;","    }());","","","","    // run shared js-env code - function","    (function () {","        return;","    }());","    switch (local.modeJs) {","","","","    // run browser js-env code - function","    case 'browser':","        break;","","","","    // run node js-env code - function","    case 'node':","        break;","    }","","","","    // run shared js-env code - post-init","    (function () {","        return;","    }());","    switch (local.modeJs) {","","","","    // run browser js-env code - post-init","    case 'browser':","        local.testCase_browser_nullCase = local.testCase_browser_nullCase || function (","            options,","            onError","        ) {","        /*","         * this function will test browsers's null-case handling-behavior-behavior","         */","            onError(null, options);","        };","","        // run tests","        local.nop(local.modeTest &&","            document.querySelector('#testRunButton1') &&","            document.querySelector('#testRunButton1').click());","        break;","","","","    // run node js-env code - post-init","    /* istanbul ignore next */","    case 'node':","        local.testCase_buildApidoc_default = local.testCase_buildApidoc_default || function (","            options,","            onError","        ) {","        /*","         * this function will test buildApidoc's default handling-behavior-behavior","         */","            options = { modulePathList: module.paths };","            local.buildApidoc(options, onError);","        };","","        local.testCase_buildApp_default = local.testCase_buildApp_default || function (","            options,","            onError","        ) {","        /*","         * this function will test buildApp's default handling-behavior-behavior","         */","            local.testCase_buildReadme_default(options, local.onErrorThrow);","            local.testCase_buildLib_default(options, local.onErrorThrow);","            local.testCase_buildTest_default(options, local.onErrorThrow);","            local.testCase_buildCustomOrg_default(options, local.onErrorThrow);","            options = [];","            local.buildApp(options, onError);","        };","","        local.testCase_buildCustomOrg_default = local.testCase_buildCustomOrg_default ||","            function (options, onError) {","            /*","             * this function will test buildCustomOrg's default handling-behavior","             */","                options = {};","                local.buildCustomOrg(options, onError);","            };","","        local.testCase_buildLib_default = local.testCase_buildLib_default || function (","            options,","            onError","        ) {","        /*","         * this function will test buildLib's default handling-behavior","         */","            options = {};","            local.buildLib(options, onError);","        };","","        local.testCase_buildReadme_default = local.testCase_buildReadme_default || function (","            options,","            onError","        ) {","        /*","         * this function will test buildReadme's default handling-behavior-behavior","         */","            options = {};","            local.buildReadme(options, onError);","        };","","        local.testCase_buildTest_default = local.testCase_buildTest_default || function (","            options,","            onError","        ) {","        /*","         * this function will test buildTest's default handling-behavior","         */","            options = {};","            local.buildTest(options, onError);","        };","","        local.testCase_webpage_default = local.testCase_webpage_default || function (","            options,","            onError","        ) {","        /*","         * this function will test webpage's default handling-behavior","         */","            options = { modeCoverageMerge: true, url: local.serverLocalHost + '?modeTest=1' };","            local.browserTest(options, onError);","        };","","        // run test-server","        local.testRunServer(local);","        break;","    }","}());",""],"l":{"12":2,"14":2,"19":2,"21":2,"23":2,"24":2,"25":2,"30":1,"37":2,"40":2,"43":1,"47":1,"50":1,"52":1,"55":2,"61":2,"62":2,"64":2,"70":1,"76":1,"82":2,"83":2,"85":2,"91":1,"98":1,"102":1,"105":1,"112":1,"119":1,"120":1,"123":1,"130":1,"131":1,"132":1,"133":1,"134":1,"135":1,"138":1,"143":2,"144":2,"147":1,"154":2,"155":2,"158":1,"165":2,"166":2,"169":1,"176":2,"177":2,"180":1,"187":1,"188":1,"192":1,"193":1}},"/home/travis/build/npmtest/node-npmtest-derby/lib.npmtest_derby.js":{"path":"/home/travis/build/npmtest/node-npmtest-derby/lib.npmtest_derby.js","s":{"1":2,"2":2,"3":2,"4":2,"5":2,"6":2,"7":2,"8":1,"9":2,"10":2,"11":2,"12":2,"13":1,"14":1,"15":1,"16":1},"b":{"1":[2,1,1,1],"2":[1,1,1,1],"3":[1,1],"4":[2,2],"5":[1,1]},"f":{"1":2,"2":2,"3":2},"fnMap":{"1":{"name":"(anonymous_1)","line":12,"loc":{"start":{"line":12,"column":1},"end":{"line":12,"column":13}}},"2":{"name":"(anonymous_2)","line":19,"loc":{"start":{"line":19,"column":5},"end":{"line":19,"column":17}}},"3":{"name":"(anonymous_3)","line":23,"loc":{"start":{"line":23,"column":24},"end":{"line":23,"column":36}}}},"statementMap":{"1":{"start":{"line":12,"column":0},"end":{"line":53,"column":5}},"2":{"start":{"line":14,"column":4},"end":{"line":14,"column":14}},"3":{"start":{"line":19,"column":4},"end":{"line":52,"column":9}},"4":{"start":{"line":21,"column":8},"end":{"line":21,"column":19}},"5":{"start":{"line":23,"column":8},"end":{"line":35,"column":13}},"6":{"start":{"line":24,"column":12},"end":{"line":34,"column":13}},"7":{"start":{"line":25,"column":16},"end":{"line":28,"column":30}},"8":{"start":{"line":30,"column":16},"end":{"line":33,"column":27}},"9":{"start":{"line":37,"column":8},"end":{"line":39,"column":21}},"10":{"start":{"line":41,"column":8},"end":{"line":41,"column":54}},"11":{"start":{"line":43,"column":8},"end":{"line":43,"column":50}},"12":{"start":{"line":45,"column":8},"end":{"line":51,"column":9}},"13":{"start":{"line":46,"column":12},"end":{"line":46,"column":56}},"14":{"start":{"line":48,"column":12},"end":{"line":48,"column":35}},"15":{"start":{"line":49,"column":12},"end":{"line":49,"column":49}},"16":{"start":{"line":50,"column":12},"end":{"line":50,"column":43}}},"branchMap":{"1":{"line":25,"type":"binary-expr","locations":[{"start":{"line":25,"column":23},"end":{"line":25,"column":62}},{"start":{"line":26,"column":20},"end":{"line":26,"column":70}},{"start":{"line":27,"column":20},"end":{"line":27,"column":71}},{"start":{"line":28,"column":20},"end":{"line":28,"column":29}}]},"2":{"line":30,"type":"binary-expr","locations":[{"start":{"line":30,"column":23},"end":{"line":30,"column":37}},{"start":{"line":31,"column":20},"end":{"line":31,"column":61}},{"start":{"line":32,"column":20},"end":{"line":32,"column":70}},{"start":{"line":33,"column":20},"end":{"line":33,"column":26}}]},"3":{"line":37,"type":"cond-expr","locations":[{"start":{"line":38,"column":14},"end":{"line":38,"column":20}},{"start":{"line":39,"column":14},"end":{"line":39,"column":20}}]},"4":{"line":41,"type":"binary-expr","locations":[{"start":{"line":41,"column":16},"end":{"line":41,"column":44}},{"start":{"line":41,"column":48},"end":{"line":41,"column":53}}]},"5":{"line":45,"type":"if","locations":[{"start":{"line":45,"column":8},"end":{"line":45,"column":8}},{"start":{"line":45,"column":8},"end":{"line":45,"column":8}}]}},"code":["/* istanbul instrument in package npmtest_derby */","/*jslint","    bitwise: true,","    browser: true,","    maxerr: 8,","    maxlen: 96,","    node: true,","    nomen: true,","    regexp: true,","    stupid: true","*/","(function () {","    'use strict';","    var local;","","","","    // run shared js-env code - pre-init","    (function () {","        // init local","        local = {};","        // init modeJs","        local.modeJs = (function () {","            try {","                return typeof navigator.userAgent === 'string' &&","                    typeof document.querySelector('body') === 'object' &&","                    typeof XMLHttpRequest.prototype.open === 'function' &&","                    'browser';","            } catch (errorCaughtBrowser) {","                return module.exports &&","                    typeof process.versions.node === 'string' &&","                    typeof require('http').createServer === 'function' &&","                    'node';","            }","        }());","        // init global","        local.global = local.modeJs === 'browser'","            ? window","            : global;","        // init utility2_rollup","        local = local.global.utility2_rollup || local;","        // init lib","        local.local = local.npmtest_derby = local;","        // init exports","        if (local.modeJs === 'browser') {","            local.global.utility2_npmtest_derby = local;","        } else {","            module.exports = local;","            module.exports.__dirname = __dirname;","            module.exports.module = module;","        }","    }());","}());",""],"l":{"12":2,"14":2,"19":2,"21":2,"23":2,"24":2,"25":2,"30":1,"37":2,"41":2,"43":2,"45":2,"46":1,"48":1,"49":1,"50":1}},"/home/travis/build/npmtest/node-npmtest-derby/example.js":{"path":"/home/travis/build/npmtest/node-npmtest-derby/example.js","s":{"1":2,"2":2,"3":2,"4":2,"5":2,"6":2,"7":2,"8":1,"9":2,"10":2,"11":2,"12":2,"13":1,"14":2,"15":2,"16":2,"17":2,"18":2,"19":0,"20":2,"21":1,"22":1,"23":1,"24":1,"25":1,"26":0,"27":0,"28":1,"29":1,"30":2,"31":0,"32":0,"33":0,"34":1,"35":2,"36":2,"37":3,"38":3,"39":3,"40":3,"41":0,"42":3,"43":3,"44":3,"45":1,"46":3,"47":1,"48":1,"49":1,"50":1,"51":1,"52":1,"53":1,"54":1,"55":1,"56":1,"57":0,"58":1,"59":6,"60":6,"61":1,"62":2,"63":0,"64":2,"65":1,"66":1,"67":0,"68":0,"69":0,"70":0,"71":0,"72":0,"73":0,"74":0,"75":0,"76":0,"77":0,"78":0,"79":0,"80":0,"81":0,"82":0,"83":0},"b":{"1":[2,1,1,1],"2":[1,1,1,1],"3":[1,1],"4":[2,2],"5":[1,1],"6":[1,1],"7":[2,0],"8":[2,1,1,1,1,1],"9":[0,2,0],"10":[1,1],"11":[2,1,1],"12":[1,0],"13":[0,2],"14":[2,0,0,0,0,0,0],"15":[0,3],"16":[3,0],"17":[1,1],"18":[0,1],"19":[1,2,0,2],"20":[1,0],"21":[1,1],"22":[0,0],"23":[0,0],"24":[0,0],"25":[0,0],"26":[0,0],"27":[0,0],"28":[0,0]},"f":{"1":2,"2":2,"3":2,"4":2,"5":2,"6":2,"7":3,"8":3,"9":3,"10":1,"11":6,"12":0},"fnMap":{"1":{"name":"(anonymous_1)","line":26,"loc":{"start":{"line":26,"column":1},"end":{"line":26,"column":13}}},"2":{"name":"(anonymous_2)","line":33,"loc":{"start":{"line":33,"column":5},"end":{"line":33,"column":17}}},"3":{"name":"(anonymous_3)","line":37,"loc":{"start":{"line":37,"column":24},"end":{"line":37,"column":36}}},"4":{"name":"(anonymous_4)","line":69,"loc":{"start":{"line":69,"column":31},"end":{"line":69,"column":48}},"skip":true},"5":{"name":"(anonymous_5)","line":78,"loc":{"start":{"line":78,"column":26},"end":{"line":78,"column":45}},"skip":true},"6":{"name":"(anonymous_6)","line":123,"loc":{"start":{"line":123,"column":33},"end":{"line":123,"column":48}},"skip":true},"7":{"name":"(anonymous_7)","line":125,"loc":{"start":{"line":125,"column":27},"end":{"line":125,"column":39}},"skip":true},"8":{"name":"(anonymous_8)","line":133,"loc":{"start":{"line":133,"column":59},"end":{"line":133,"column":74}},"skip":true},"9":{"name":"(anonymous_9)","line":143,"loc":{"start":{"line":143,"column":45},"end":{"line":143,"column":62}},"skip":true},"10":{"name":"(anonymous_10)","line":144,"loc":{"start":{"line":144,"column":73},"end":{"line":144,"column":92}},"skip":true},"11":{"name":"(anonymous_11)","line":272,"loc":{"start":{"line":272,"column":51},"end":{"line":272,"column":77}},"skip":true},"12":{"name":"(anonymous_12)","line":315,"loc":{"start":{"line":315,"column":32},"end":{"line":315,"column":61}},"skip":true}},"statementMap":{"1":{"start":{"line":26,"column":0},"end":{"line":326,"column":5}},"2":{"start":{"line":28,"column":4},"end":{"line":28,"column":14}},"3":{"start":{"line":33,"column":4},"end":{"line":60,"column":9}},"4":{"start":{"line":35,"column":8},"end":{"line":35,"column":19}},"5":{"start":{"line":37,"column":8},"end":{"line":49,"column":13}},"6":{"start":{"line":38,"column":12},"end":{"line":48,"column":13}},"7":{"start":{"line":39,"column":16},"end":{"line":42,"column":30}},"8":{"start":{"line":44,"column":16},"end":{"line":47,"column":27}},"9":{"start":{"line":51,"column":8},"end":{"line":53,"column":21}},"10":{"start":{"line":55,"column":8},"end":{"line":57,"column":45}},"11":{"start":{"line":59,"column":8},"end":{"line":59,"column":35}},"12":{"start":{"line":61,"column":4},"end":{"line":325,"column":5}},"13":{"start":{"line":69,"column":8},"end":{"line":121,"column":10},"skip":true},"14":{"start":{"line":70,"column":12},"end":{"line":88,"column":13},"skip":true},"15":{"start":{"line":76,"column":16},"end":{"line":87,"column":19},"skip":true},"16":{"start":{"line":79,"column":20},"end":{"line":86,"column":21},"skip":true},"17":{"start":{"line":82,"column":24},"end":{"line":82,"column":43},"skip":true},"18":{"start":{"line":83,"column":24},"end":{"line":83,"column":30},"skip":true},"19":{"start":{"line":85,"column":24},"end":{"line":85,"column":49},"skip":true},"20":{"start":{"line":89,"column":12},"end":{"line":107,"column":13},"skip":true},"21":{"start":{"line":92,"column":16},"end":{"line":102,"column":17},"skip":true},"22":{"start":{"line":93,"column":20},"end":{"line":93,"column":86},"skip":true},"23":{"start":{"line":94,"column":20},"end":{"line":95,"column":45},"skip":true},"24":{"start":{"line":96,"column":20},"end":{"line":96,"column":42},"skip":true},"25":{"start":{"line":97,"column":20},"end":{"line":97,"column":48},"skip":true},"26":{"start":{"line":100,"column":20},"end":{"line":100,"column":85},"skip":true},"27":{"start":{"line":101,"column":20},"end":{"line":101,"column":96},"skip":true},"28":{"start":{"line":103,"column":16},"end":{"line":103,"column":22},"skip":true},"29":{"start":{"line":106,"column":16},"end":{"line":106,"column":22},"skip":true},"30":{"start":{"line":108,"column":12},"end":{"line":120,"column":13},"skip":true},"31":{"start":{"line":114,"column":16},"end":{"line":119,"column":17},"skip":true},"32":{"start":{"line":116,"column":20},"end":{"line":116,"column":78},"skip":true},"33":{"start":{"line":118,"column":20},"end":{"line":118,"column":47},"skip":true},"34":{"start":{"line":123,"column":8},"end":{"line":141,"column":11},"skip":true},"35":{"start":{"line":124,"column":12},"end":{"line":124,"column":54},"skip":true},"36":{"start":{"line":125,"column":12},"end":{"line":140,"column":14},"skip":true},"37":{"start":{"line":126,"column":16},"end":{"line":126,"column":28},"skip":true},"38":{"start":{"line":127,"column":16},"end":{"line":127,"column":69},"skip":true},"39":{"start":{"line":128,"column":16},"end":{"line":128,"column":75},"skip":true},"40":{"start":{"line":129,"column":16},"end":{"line":131,"column":17},"skip":true},"41":{"start":{"line":130,"column":20},"end":{"line":130,"column":27},"skip":true},"42":{"start":{"line":133,"column":16},"end":{"line":137,"column":36},"skip":true},"43":{"start":{"line":134,"column":20},"end":{"line":136,"column":55},"skip":true},"44":{"start":{"line":139,"column":16},"end":{"line":139,"column":57},"skip":true},"45":{"start":{"line":143,"column":8},"end":{"line":147,"column":11},"skip":true},"46":{"start":{"line":144,"column":12},"end":{"line":146,"column":15},"skip":true},"47":{"start":{"line":145,"column":16},"end":{"line":145,"column":70},"skip":true},"48":{"start":{"line":149,"column":8},"end":{"line":149,"column":31},"skip":true},"49":{"start":{"line":150,"column":8},"end":{"line":150,"column":14},"skip":true},"50":{"start":{"line":158,"column":8},"end":{"line":158,"column":31},"skip":true},"51":{"start":{"line":160,"column":8},"end":{"line":160,"column":33},"skip":true},"52":{"start":{"line":161,"column":8},"end":{"line":161,"column":37},"skip":true},"53":{"start":{"line":162,"column":8},"end":{"line":162,"column":35},"skip":true},"54":{"start":{"line":164,"column":8},"end":{"line":164,"column":50},"skip":true},"55":{"start":{"line":166,"column":8},"end":{"line":256,"column":2},"skip":true},"56":{"start":{"line":258,"column":8},"end":{"line":286,"column":9},"skip":true},"57":{"start":{"line":259,"column":12},"end":{"line":269,"column":14},"skip":true},"58":{"start":{"line":271,"column":12},"end":{"line":285,"column":19},"skip":true},"59":{"start":{"line":274,"column":20},"end":{"line":274,"column":35},"skip":true},"60":{"start":{"line":275,"column":20},"end":{"line":284,"column":21},"skip":true},"61":{"start":{"line":277,"column":24},"end":{"line":277,"column":64},"skip":true},"62":{"start":{"line":279,"column":24},"end":{"line":279,"column":40},"skip":true},"63":{"start":{"line":281,"column":24},"end":{"line":281,"column":40},"skip":true},"64":{"start":{"line":283,"column":24},"end":{"line":283,"column":39},"skip":true},"65":{"start":{"line":288,"column":8},"end":{"line":290,"column":9},"skip":true},"66":{"start":{"line":289,"column":12},"end":{"line":289,"column":18},"skip":true},"67":{"start":{"line":291,"column":8},"end":{"line":293,"column":54},"skip":true},"68":{"start":{"line":296,"column":8},"end":{"line":301,"column":37},"skip":true},"69":{"start":{"line":303,"column":8},"end":{"line":303,"column":82},"skip":true},"70":{"start":{"line":306,"column":8},"end":{"line":308,"column":9},"skip":true},"71":{"start":{"line":307,"column":12},"end":{"line":307,"column":82},"skip":true},"72":{"start":{"line":310,"column":8},"end":{"line":312,"column":9},"skip":true},"73":{"start":{"line":311,"column":12},"end":{"line":311,"column":18},"skip":true},"74":{"start":{"line":313,"column":8},"end":{"line":313,"column":54},"skip":true},"75":{"start":{"line":314,"column":8},"end":{"line":314,"column":69},"skip":true},"76":{"start":{"line":315,"column":8},"end":{"line":323,"column":36},"skip":true},"77":{"start":{"line":316,"column":12},"end":{"line":316,"column":61},"skip":true},"78":{"start":{"line":317,"column":12},"end":{"line":320,"column":13},"skip":true},"79":{"start":{"line":318,"column":16},"end":{"line":318,"column":75},"skip":true},"80":{"start":{"line":319,"column":16},"end":{"line":319,"column":23},"skip":true},"81":{"start":{"line":321,"column":12},"end":{"line":321,"column":38},"skip":true},"82":{"start":{"line":322,"column":12},"end":{"line":322,"column":27},"skip":true},"83":{"start":{"line":324,"column":8},"end":{"line":324,"column":14},"skip":true}},"branchMap":{"1":{"line":39,"type":"binary-expr","locations":[{"start":{"line":39,"column":23},"end":{"line":39,"column":62}},{"start":{"line":40,"column":20},"end":{"line":40,"column":70}},{"start":{"line":41,"column":20},"end":{"line":41,"column":71}},{"start":{"line":42,"column":20},"end":{"line":42,"column":29}}]},"2":{"line":44,"type":"binary-expr","locations":[{"start":{"line":44,"column":23},"end":{"line":44,"column":37}},{"start":{"line":45,"column":20},"end":{"line":45,"column":61}},{"start":{"line":46,"column":20},"end":{"line":46,"column":70}},{"start":{"line":47,"column":20},"end":{"line":47,"column":26}}]},"3":{"line":51,"type":"cond-expr","locations":[{"start":{"line":52,"column":14},"end":{"line":52,"column":20}},{"start":{"line":53,"column":14},"end":{"line":53,"column":20}}]},"4":{"line":55,"type":"binary-expr","locations":[{"start":{"line":55,"column":16},"end":{"line":55,"column":44}},{"start":{"line":55,"column":49},"end":{"line":57,"column":43}}]},"5":{"line":55,"type":"cond-expr","locations":[{"start":{"line":56,"column":14},"end":{"line":56,"column":49}},{"start":{"line":57,"column":14},"end":{"line":57,"column":43}}]},"6":{"line":61,"type":"switch","locations":[{"start":{"line":68,"column":4},"end":{"line":150,"column":14},"skip":true},{"start":{"line":156,"column":4},"end":{"line":324,"column":14},"skip":true}]},"7":{"line":70,"type":"if","locations":[{"start":{"line":70,"column":12},"end":{"line":70,"column":12},"skip":true},{"start":{"line":70,"column":12},"end":{"line":70,"column":12},"skip":true}]},"8":{"line":70,"type":"binary-expr","locations":[{"start":{"line":70,"column":16},"end":{"line":70,"column":22},"skip":true},{"start":{"line":70,"column":27},"end":{"line":70,"column":32},"skip":true},{"start":{"line":71,"column":20},"end":{"line":71,"column":39},"skip":true},{"start":{"line":72,"column":20},"end":{"line":72,"column":49},"skip":true},{"start":{"line":73,"column":20},"end":{"line":73,"column":58},"skip":true},{"start":{"line":74,"column":20},"end":{"line":74,"column":69},"skip":true}]},"9":{"line":79,"type":"switch","locations":[{"start":{"line":80,"column":20},"end":{"line":80,"column":33},"skip":true},{"start":{"line":81,"column":20},"end":{"line":83,"column":30},"skip":true},{"start":{"line":84,"column":20},"end":{"line":85,"column":49},"skip":true}]},"10":{"line":89,"type":"switch","locations":[{"start":{"line":90,"column":12},"end":{"line":103,"column":22},"skip":true},{"start":{"line":105,"column":12},"end":{"line":106,"column":22},"skip":true}]},"11":{"line":89,"type":"binary-expr","locations":[{"start":{"line":89,"column":20},"end":{"line":89,"column":25},"skip":true},{"start":{"line":89,"column":29},"end":{"line":89,"column":48},"skip":true},{"start":{"line":89,"column":52},"end":{"line":89,"column":74},"skip":true}]},"12":{"line":92,"type":"if","locations":[{"start":{"line":92,"column":16},"end":{"line":92,"column":16},"skip":true},{"start":{"line":92,"column":16},"end":{"line":92,"column":16},"skip":true}]},"13":{"line":108,"type":"if","locations":[{"start":{"line":108,"column":12},"end":{"line":108,"column":12},"skip":true},{"start":{"line":108,"column":12},"end":{"line":108,"column":12},"skip":true}]},"14":{"line":108,"type":"binary-expr","locations":[{"start":{"line":108,"column":16},"end":{"line":108,"column":61},"skip":true},{"start":{"line":108,"column":66},"end":{"line":108,"column":72},"skip":true},{"start":{"line":108,"column":77},"end":{"line":108,"column":82},"skip":true},{"start":{"line":109,"column":20},"end":{"line":109,"column":39},"skip":true},{"start":{"line":110,"column":20},"end":{"line":110,"column":49},"skip":true},{"start":{"line":111,"column":20},"end":{"line":111,"column":58},"skip":true},{"start":{"line":112,"column":20},"end":{"line":112,"column":68},"skip":true}]},"15":{"line":129,"type":"if","locations":[{"start":{"line":129,"column":16},"end":{"line":129,"column":16},"skip":true},{"start":{"line":129,"column":16},"end":{"line":129,"column":16},"skip":true}]},"16":{"line":134,"type":"cond-expr","locations":[{"start":{"line":135,"column":26},"end":{"line":135,"column":29},"skip":true},{"start":{"line":136,"column":26},"end":{"line":136,"column":54},"skip":true}]},"17":{"line":164,"type":"binary-expr","locations":[{"start":{"line":164,"column":27},"end":{"line":164,"column":43},"skip":true},{"start":{"line":164,"column":47},"end":{"line":164,"column":49},"skip":true}]},"18":{"line":258,"type":"if","locations":[{"start":{"line":258,"column":8},"end":{"line":258,"column":8},"skip":true},{"start":{"line":258,"column":8},"end":{"line":258,"column":8},"skip":true}]},"19":{"line":275,"type":"switch","locations":[{"start":{"line":276,"column":20},"end":{"line":277,"column":64},"skip":true},{"start":{"line":278,"column":20},"end":{"line":279,"column":40},"skip":true},{"start":{"line":280,"column":20},"end":{"line":281,"column":40},"skip":true},{"start":{"line":282,"column":20},"end":{"line":283,"column":39},"skip":true}]},"20":{"line":288,"type":"if","locations":[{"start":{"line":288,"column":8},"end":{"line":288,"column":8},"skip":true},{"start":{"line":288,"column":8},"end":{"line":288,"column":8},"skip":true}]},"21":{"line":288,"type":"binary-expr","locations":[{"start":{"line":288,"column":12},"end":{"line":288,"column":40},"skip":true},{"start":{"line":288,"column":44},"end":{"line":288,"column":67},"skip":true}]},"22":{"line":292,"type":"binary-expr","locations":[{"start":{"line":292,"column":12},"end":{"line":292,"column":50},"skip":true},{"start":{"line":293,"column":12},"end":{"line":293,"column":53},"skip":true}]},"23":{"line":297,"type":"binary-expr","locations":[{"start":{"line":297,"column":12},"end":{"line":297,"column":63},"skip":true},{"start":{"line":298,"column":12},"end":{"line":301,"column":36},"skip":true}]},"24":{"line":303,"type":"binary-expr","locations":[{"start":{"line":303,"column":43},"end":{"line":303,"column":75},"skip":true},{"start":{"line":303,"column":79},"end":{"line":303,"column":81},"skip":true}]},"25":{"line":306,"type":"if","locations":[{"start":{"line":306,"column":8},"end":{"line":306,"column":8},"skip":true},{"start":{"line":306,"column":8},"end":{"line":306,"column":8},"skip":true}]},"26":{"line":310,"type":"if","locations":[{"start":{"line":310,"column":8},"end":{"line":310,"column":8},"skip":true},{"start":{"line":310,"column":8},"end":{"line":310,"column":8},"skip":true}]},"27":{"line":313,"type":"binary-expr","locations":[{"start":{"line":313,"column":27},"end":{"line":313,"column":43},"skip":true},{"start":{"line":313,"column":47},"end":{"line":313,"column":53},"skip":true}]},"28":{"line":317,"type":"if","locations":[{"start":{"line":317,"column":12},"end":{"line":317,"column":12},"skip":true},{"start":{"line":317,"column":12},"end":{"line":317,"column":12},"skip":true}]}},"code":["/*","example.js","","quickstart example","","instruction","    1. save this script as example.js","    2. run the shell command:","        $ npm install npmtest-derby && PORT=8081 node example.js","    3. play with the browser-demo on http://127.0.0.1:8081","*/","","","","/* istanbul instrument in package npmtest_derby */","/*jslint","    bitwise: true,","    browser: true,","    maxerr: 8,","    maxlen: 96,","    node: true,","    nomen: true,","    regexp: true,","    stupid: true","*/","(function () {","    'use strict';","    var local;","","","","    // run shared js-env code - pre-init","    (function () {","        // init local","        local = {};","        // init modeJs","        local.modeJs = (function () {","            try {","                return typeof navigator.userAgent === 'string' &&","                    typeof document.querySelector('body') === 'object' &&","                    typeof XMLHttpRequest.prototype.open === 'function' &&","                    'browser';","            } catch (errorCaughtBrowser) {","                return module.exports &&","                    typeof process.versions.node === 'string' &&","                    typeof require('http').createServer === 'function' &&","                    'node';","            }","        }());","        // init global","        local.global = local.modeJs === 'browser'","            ? window","            : global;","        // init utility2_rollup","        local = local.global.utility2_rollup || (local.modeJs === 'browser'","            ? local.global.utility2_npmtest_derby","            : global.utility2_moduleExports);","        // export local","        local.global.local = local;","    }());","    switch (local.modeJs) {","","","","    // post-init","    // run browser js-env code - post-init","    /* istanbul ignore next */","    case 'browser':","        local.testRunBrowser = function (event) {","            if (!event || (event &&","                    event.currentTarget &&","                    event.currentTarget.className &&","                    event.currentTarget.className.includes &&","                    event.currentTarget.className.includes('onreset'))) {","                // reset output","                Array.from(","                    document.querySelectorAll('body > .resettable')","                ).forEach(function (element) {","                    switch (element.tagName) {","                    case 'INPUT':","                    case 'TEXTAREA':","                        element.value = '';","                        break;","                    default:","                        element.textContent = '';","                    }","                });","            }","            switch (event && event.currentTarget && event.currentTarget.id) {","            case 'testRunButton1':","                // show tests","                if (document.querySelector('#testReportDiv1').style.display === 'none') {","                    document.querySelector('#testReportDiv1').style.display = 'block';","                    document.querySelector('#testRunButton1').textContent =","                        'hide internal test';","                    local.modeTest = true;","                    local.testRunDefault(local);","                // hide tests","                } else {","                    document.querySelector('#testReportDiv1').style.display = 'none';","                    document.querySelector('#testRunButton1').textContent = 'run internal test';","                }","                break;","            // custom-case","            default:","                break;","            }","            if (document.querySelector('#inputTextareaEval1') && (!event || (event &&","                    event.currentTarget &&","                    event.currentTarget.className &&","                    event.currentTarget.className.includes &&","                    event.currentTarget.className.includes('oneval')))) {","                // try to eval input-code","                try {","                    /*jslint evil: true*/","                    eval(document.querySelector('#inputTextareaEval1').value);","                } catch (errorCaught) {","                    console.error(errorCaught);","                }","            }","        };","        // log stderr and stdout to #outputTextareaStdout1","        ['error', 'log'].forEach(function (key) {","            console[key + '_original'] = console[key];","            console[key] = function () {","                var element;","                console[key + '_original'].apply(console, arguments);","                element = document.querySelector('#outputTextareaStdout1');","                if (!element) {","                    return;","                }","                // append text to #outputTextareaStdout1","                element.value += Array.from(arguments).map(function (arg) {","                    return typeof arg === 'string'","                        ? arg","                        : JSON.stringify(arg, null, 4);","                }).join(' ') + '\\n';","                // scroll textarea to bottom","                element.scrollTop = element.scrollHeight;","            };","        });","        // init event-handling","        ['change', 'click', 'keyup'].forEach(function (event) {","            Array.from(document.querySelectorAll('.on' + event)).forEach(function (element) {","                element.addEventListener(event, local.testRunBrowser);","            });","        });","        // run tests","        local.testRunBrowser();","        break;","","","","    // run node js-env code - post-init","    /* istanbul ignore next */","    case 'node':","        // export local","        module.exports = local;","        // require modules","        local.fs = require('fs');","        local.http = require('http');","        local.url = require('url');","        // init assets","        local.assetsDict = local.assetsDict || {};","        /* jslint-ignore-begin */","        local.assetsDict['/assets.index.template.html'] = '\\","<!doctype html>\\n\\","<html lang=\"en\">\\n\\","<head>\\n\\","<meta charset=\"UTF-8\">\\n\\","<meta name=\"viewport\" content=\"width=device-width, initial-scale=1\">\\n\\","<title>{{env.npm_package_name}} (v{{env.npm_package_version}})</title>\\n\\","<style>\\n\\","/*csslint\\n\\","    box-sizing: false,\\n\\","    universal-selector: false\\n\\","*/\\n\\","* {\\n\\","    box-sizing: border-box;\\n\\","}\\n\\","body {\\n\\","    background: #dde;\\n\\","    font-family: Arial, Helvetica, sans-serif;\\n\\","    margin: 2rem;\\n\\","}\\n\\","body > * {\\n\\","    margin-bottom: 1rem;\\n\\","}\\n\\",".utility2FooterDiv {\\n\\","    margin-top: 20px;\\n\\","    text-align: center;\\n\\","}\\n\\","</style>\\n\\","<style>\\n\\","/*csslint\\n\\","*/\\n\\","textarea {\\n\\","    font-family: monospace;\\n\\","    height: 10rem;\\n\\","    width: 100%;\\n\\","}\\n\\","textarea[readonly] {\\n\\","    background: #ddd;\\n\\","}\\n\\","</style>\\n\\","</head>\\n\\","<body>\\n\\","<!-- utility2-comment\\n\\","<div id=\"ajaxProgressDiv1\" style=\"background: #d00; height: 2px; left: 0; margin: 0; padding: 0; position: fixed; top: 0; transition: background 0.5s, width 1.5s; width: 25%;\"></div>\\n\\","utility2-comment -->\\n\\","<h1>\\n\\","<!-- utility2-comment\\n\\","    <a\\n\\","        {{#if env.npm_package_homepage}}\\n\\","        href=\"{{env.npm_package_homepage}}\"\\n\\","        {{/if env.npm_package_homepage}}\\n\\","        target=\"_blank\"\\n\\","    >\\n\\","utility2-comment -->\\n\\","        {{env.npm_package_name}} (v{{env.npm_package_version}})\\n\\","<!-- utility2-comment\\n\\","    </a>\\n\\","utility2-comment -->\\n\\","</h1>\\n\\","<h3>{{env.npm_package_description}}</h3>\\n\\","<!-- utility2-comment\\n\\","<h4><a download href=\"assets.app.js\">download standalone app</a></h4>\\n\\","<button class=\"onclick onreset\" id=\"testRunButton1\">run internal test</button><br>\\n\\","<div id=\"testReportDiv1\" style=\"display: none;\"></div>\\n\\","utility2-comment -->\\n\\","\\n\\","\\n\\","\\n\\","<label>stderr and stdout</label>\\n\\","<textarea class=\"resettable\" id=\"outputTextareaStdout1\" readonly></textarea>\\n\\","<!-- utility2-comment\\n\\","{{#if isRollup}}\\n\\","<script src=\"assets.app.js\"></script>\\n\\","{{#unless isRollup}}\\n\\","utility2-comment -->\\n\\","<script src=\"assets.utility2.rollup.js\"></script>\\n\\","<script src=\"jsonp.utility2._stateInit?callback=window.utility2._stateInit\"></script>\\n\\","<script src=\"assets.npmtest_derby.rollup.js\"></script>\\n\\","<script src=\"assets.example.js\"></script>\\n\\","<script src=\"assets.test.js\"></script>\\n\\","<!-- utility2-comment\\n\\","{{/if isRollup}}\\n\\","utility2-comment -->\\n\\","<div class=\"utility2FooterDiv\">\\n\\","    [ this app was created with\\n\\","    <a href=\"https://github.com/kaizhu256/node-utility2\" target=\"_blank\">utility2</a>\\n\\","    ]\\n\\","</div>\\n\\","</body>\\n\\","</html>\\n\\","';","        /* jslint-ignore-end */","        if (local.templateRender) {","            local.assetsDict['/'] = local.templateRender(","                local.assetsDict['/assets.index.template.html'],","                {","                    env: local.objectSetDefault(local.env, {","                        npm_package_description: 'the greatest app in the world!',","                        npm_package_name: 'my-app',","                        npm_package_nameAlias: 'my_app',","                        npm_package_version: '0.0.1'","                    })","                }","            );","        } else {","            local.assetsDict['/'] = local.assetsDict['/assets.index.template.html']","                .replace((/\\{\\{env\\.(\\w+?)\\}\\}/g), function (match0, match1) {","                    // jslint-hack","                    String(match0);","                    switch (match1) {","                    case 'npm_package_description':","                        return 'the greatest app in the world!';","                    case 'npm_package_name':","                        return 'my-app';","                    case 'npm_package_nameAlias':","                        return 'my_app';","                    case 'npm_package_version':","                        return '0.0.1';","                    }","                });","        }","        // run the cli","        if (local.global.utility2_rollup || module !== require.main) {","            break;","        }","        local.assetsDict['/assets.example.js'] =","            local.assetsDict['/assets.example.js'] ||","            local.fs.readFileSync(__filename, 'utf8');","        // bug-workaround - long $npm_package_buildCustomOrg","        /* jslint-ignore-begin */","        local.assetsDict['/assets.npmtest_derby.rollup.js'] =","            local.assetsDict['/assets.npmtest_derby.rollup.js'] ||","            local.fs.readFileSync(","                local.npmtest_derby.__dirname + '/lib.npmtest_derby.js',","                'utf8'","            ).replace((/^#!/), '//');","        /* jslint-ignore-end */","        local.assetsDict['/favicon.ico'] = local.assetsDict['/favicon.ico'] || '';","        // if $npm_config_timeout_exit exists,","        // then exit this process after $npm_config_timeout_exit ms","        if (Number(process.env.npm_config_timeout_exit)) {","            setTimeout(process.exit, Number(process.env.npm_config_timeout_exit));","        }","        // start server","        if (local.global.utility2_serverHttp1) {","            break;","        }","        process.env.PORT = process.env.PORT || '8081';","        console.error('server starting on port ' + process.env.PORT);","        local.http.createServer(function (request, response) {","            request.urlParsed = local.url.parse(request.url);","            if (local.assetsDict[request.urlParsed.pathname] !== undefined) {","                response.end(local.assetsDict[request.urlParsed.pathname]);","                return;","            }","            response.statusCode = 404;","            response.end();","        }).listen(process.env.PORT);","        break;","    }","}());",""],"l":{"26":2,"28":2,"33":2,"35":2,"37":2,"38":2,"39":2,"44":1,"51":2,"55":2,"59":2,"61":2,"69":1,"70":2,"76":2,"79":2,"82":2,"83":2,"85":1,"89":2,"92":1,"93":1,"94":1,"96":1,"97":1,"100":1,"101":1,"103":1,"106":1,"108":2,"114":1,"116":1,"118":1,"123":1,"124":2,"125":2,"126":3,"127":3,"128":3,"129":3,"130":1,"133":3,"134":3,"139":3,"143":1,"144":3,"145":1,"149":1,"150":1,"158":1,"160":1,"161":1,"162":1,"164":1,"166":1,"258":1,"259":1,"271":1,"274":6,"275":6,"277":1,"279":2,"281":1,"283":2,"288":1,"289":1,"291":1,"296":1,"303":1,"306":1,"307":1,"310":1,"311":1,"313":1,"314":1,"315":1,"316":1,"317":1,"318":1,"319":1,"321":1,"322":1,"324":1}},"/home/travis/build/npmtest/node-npmtest-derby/node_modules/derby/index.js":{"path":"/home/travis/build/npmtest/node-npmtest-derby/node_modules/derby/index.js","s":{"1":1,"2":1},"b":{},"f":{},"fnMap":{},"statementMap":{"1":{"start":{"line":1,"column":0},"end":{"line":1,"column":35}},"2":{"start":{"line":2,"column":0},"end":{"line":2,"column":29}}},"branchMap":{},"code":["var Derby = require('./lib/Derby');","module.exports = new Derby();",""],"l":{"1":1,"2":1}},"/home/travis/build/npmtest/node-npmtest-derby/node_modules/derby/lib/Derby.js":{"path":"/home/travis/build/npmtest/node-npmtest-derby/node_modules/derby/lib/Derby.js","s":{"1":1,"2":1,"3":1,"4":1,"5":1,"6":1,"7":1,"8":1,"9":1,"10":1,"11":1,"12":1,"13":0,"14":1,"15":0,"16":1},"b":{"1":[0,1]},"f":{"1":1,"2":0},"fnMap":{"1":{"name":"Derby","line":15,"loc":{"start":{"line":15,"column":0},"end":{"line":15,"column":17}}},"2":{"name":"(anonymous_2)","line":22,"loc":{"start":{"line":22,"column":28},"end":{"line":22,"column":62}}}},"statementMap":{"1":{"start":{"line":7,"column":0},"end":{"line":7,"column":50}},"2":{"start":{"line":8,"column":0},"end":{"line":8,"column":29}},"3":{"start":{"line":9,"column":0},"end":{"line":9,"column":27}},"4":{"start":{"line":10,"column":0},"end":{"line":10,"column":29}},"5":{"start":{"line":11,"column":0},"end":{"line":11,"column":41}},"6":{"start":{"line":13,"column":0},"end":{"line":13,"column":23}},"7":{"start":{"line":15,"column":0},"end":{"line":15,"column":19}},"8":{"start":{"line":16,"column":0},"end":{"line":16,"column":24}},"9":{"start":{"line":18,"column":0},"end":{"line":18,"column":26}},"10":{"start":{"line":19,"column":0},"end":{"line":19,"column":28}},"11":{"start":{"line":20,"column":0},"end":{"line":20,"column":49}},"12":{"start":{"line":22,"column":0},"end":{"line":24,"column":2}},"13":{"start":{"line":23,"column":2},"end":{"line":23,"column":48}},"14":{"start":{"line":26,"column":0},"end":{"line":28,"column":1}},"15":{"start":{"line":27,"column":2},"end":{"line":27,"column":47}},"16":{"start":{"line":30,"column":0},"end":{"line":30,"column":51}}},"branchMap":{"1":{"line":26,"type":"if","locations":[{"start":{"line":26,"column":0},"end":{"line":26,"column":0}},{"start":{"line":26,"column":0},"end":{"line":26,"column":0}}]}},"code":["/*"," * Derby.js"," * Meant to be the entry point for the framework."," *"," */","","var EventEmitter = require('events').EventEmitter;","var racer = require('racer');","var App = require('./App');","var Page = require('./Page');","var components = require('./components');","","module.exports = Derby;","","function Derby() {}","Derby.prototype = racer;","","Derby.prototype.App = App;","Derby.prototype.Page = Page;","Derby.prototype.Component = components.Component;","","Derby.prototype.createApp = function(name, filename, options) {","  return new App(this, name, filename, options);","};","","if (!racer.util.isServer) {","  require('./documentListeners').add(document);","}","","racer.util.serverRequire(module, './Derby.server');",""],"l":{"7":1,"8":1,"9":1,"10":1,"11":1,"13":1,"15":1,"16":1,"18":1,"19":1,"20":1,"22":1,"23":0,"26":1,"27":0,"30":1}},"/home/travis/build/npmtest/node-npmtest-derby/node_modules/derby/lib/App.js":{"path":"/home/travis/build/npmtest/node-npmtest-derby/node_modules/derby/lib/App.js","s":{"1":1,"2":1,"3":1,"4":1,"5":1,"6":1,"7":1,"8":1,"9":1,"10":0,"11":0,"12":0,"13":0,"14":0,"15":0,"16":0,"17":0,"18":0,"19":0,"20":0,"21":0,"22":0,"23":1,"24":1,"25":0,"26":0,"27":0,"28":1,"29":1,"30":0,"31":0,"32":0,"33":0,"34":0,"35":1,"36":0,"37":0,"38":0,"39":0,"40":0,"41":0,"42":0,"43":0,"44":0,"45":0,"46":0,"47":0,"48":0,"49":0,"50":0,"51":0,"52":0,"53":0,"54":0,"55":0,"56":0,"57":0,"58":1,"59":0,"60":0,"61":1,"62":0,"63":0,"64":0,"65":0,"66":1,"67":0,"68":0,"69":0,"70":0,"71":0,"72":0,"73":0,"74":1,"75":0,"76":0,"77":0,"78":0,"79":0,"80":0,"81":0,"82":0,"83":0,"84":0,"85":0,"86":0,"87":0,"88":0,"89":0,"90":0,"91":0,"92":0,"93":0,"94":0,"95":1,"96":0,"97":1,"98":1,"99":1,"100":1,"101":1,"102":0,"103":0,"104":0,"105":0,"106":0,"107":0,"108":1,"109":0,"110":0,"111":0,"112":0,"113":0,"114":0,"115":0,"116":0,"117":0,"118":0,"119":0,"120":0,"121":0,"122":0,"123":0,"124":1,"125":0,"126":0,"127":0,"128":0,"129":0,"130":0,"131":0,"132":0,"133":0,"134":1,"135":0,"136":0,"137":0,"138":0,"139":0,"140":0,"141":0,"142":0,"143":0,"144":0,"145":0,"146":0,"147":1},"b":{"1":[0,0],"2":[0,0],"3":[0,0],"4":[0,0],"5":[0,0],"6":[0,0],"7":[0,0],"8":[0,0],"9":[0,0],"10":[0,0],"11":[0,0],"12":[0,0],"13":[0,0],"14":[0,0],"15":[0,0],"16":[0,0],"17":[0,0],"18":[0,0],"19":[0,0],"20":[0,0]},"f":{"1":0,"2":0,"3":0,"4":0,"5":0,"6":0,"7":0,"8":0,"9":0,"10":0,"11":0,"12":0,"13":0,"14":0,"15":0,"16":0,"17":0,"18":0,"19":0,"20":0,"21":0},"fnMap":{"1":{"name":"App","line":19,"loc":{"start":{"line":19,"column":0},"end":{"line":19,"column":45}}},"2":{"name":"createAppPage","line":35,"loc":{"start":{"line":35,"column":0},"end":{"line":35,"column":25}}},"3":{"name":"AppPage","line":38,"loc":{"start":{"line":38,"column":2},"end":{"line":38,"column":21}}},"4":{"name":"(anonymous_4)","line":48,"loc":{"start":{"line":48,"column":22},"end":{"line":48,"column":33}}},"5":{"name":"(anonymous_5)","line":57,"loc":{"start":{"line":57,"column":28},"end":{"line":57,"column":39}}},"6":{"name":"(anonymous_6)","line":91,"loc":{"start":{"line":91,"column":30},"end":{"line":91,"column":41}}},"7":{"name":"onDOMContentLoaded","line":97,"loc":{"start":{"line":97,"column":2},"end":{"line":97,"column":32}}},"8":{"name":"onDOMReady","line":109,"loc":{"start":{"line":109,"column":2},"end":{"line":109,"column":24}}},"9":{"name":"(anonymous_9)","line":117,"loc":{"start":{"line":117,"column":15},"end":{"line":117,"column":26}}},"10":{"name":"doScrollCheck","line":123,"loc":{"start":{"line":123,"column":2},"end":{"line":123,"column":27}}},"11":{"name":"(anonymous_11)","line":165,"loc":{"start":{"line":165,"column":27},"end":{"line":165,"column":38}}},"12":{"name":"(anonymous_12)","line":172,"loc":{"start":{"line":172,"column":26},"end":{"line":172,"column":37}}},"13":{"name":"(anonymous_13)","line":174,"loc":{"start":{"line":174,"column":27},"end":{"line":174,"column":38}}},"14":{"name":"(anonymous_14)","line":176,"loc":{"start":{"line":176,"column":27},"end":{"line":176,"column":38}}},"15":{"name":"(anonymous_15)","line":186,"loc":{"start":{"line":186,"column":24},"end":{"line":186,"column":61}}},"16":{"name":"(anonymous_16)","line":201,"loc":{"start":{"line":201,"column":16},"end":{"line":201,"column":27}}},"17":{"name":"(anonymous_17)","line":211,"loc":{"start":{"line":211,"column":29},"end":{"line":211,"column":40}}},"18":{"name":"(anonymous_18)","line":214,"loc":{"start":{"line":214,"column":29},"end":{"line":214,"column":40}}},"19":{"name":"(anonymous_19)","line":221,"loc":{"start":{"line":221,"column":27},"end":{"line":221,"column":45}}},"20":{"name":"(anonymous_20)","line":230,"loc":{"start":{"line":230,"column":31},"end":{"line":230,"column":57}}},"21":{"name":"(anonymous_21)","line":243,"loc":{"start":{"line":243,"column":34},"end":{"line":243,"column":45}}}},"statementMap":{"1":{"start":{"line":9,"column":0},"end":{"line":9,"column":50}},"2":{"start":{"line":10,"column":0},"end":{"line":10,"column":31}},"3":{"start":{"line":11,"column":0},"end":{"line":11,"column":37}},"4":{"start":{"line":12,"column":0},"end":{"line":12,"column":48}},"5":{"start":{"line":13,"column":0},"end":{"line":13,"column":55}},"6":{"start":{"line":14,"column":0},"end":{"line":14,"column":29}},"7":{"start":{"line":15,"column":0},"end":{"line":15,"column":42}},"8":{"start":{"line":17,"column":0},"end":{"line":17,"column":21}},"9":{"start":{"line":19,"column":0},"end":{"line":33,"column":1}},"10":{"start":{"line":20,"column":2},"end":{"line":20,"column":26}},"11":{"start":{"line":21,"column":2},"end":{"line":21,"column":21}},"12":{"start":{"line":22,"column":2},"end":{"line":22,"column":19}},"13":{"start":{"line":23,"column":2},"end":{"line":23,"column":27}},"14":{"start":{"line":24,"column":2},"end":{"line":24,"column":44}},"15":{"start":{"line":25,"column":2},"end":{"line":25,"column":42}},"16":{"start":{"line":26,"column":2},"end":{"line":26,"column":30}},"17":{"start":{"line":27,"column":2},"end":{"line":27,"column":35}},"18":{"start":{"line":28,"column":2},"end":{"line":28,"column":52}},"19":{"start":{"line":29,"column":2},"end":{"line":29,"column":41}},"20":{"start":{"line":30,"column":2},"end":{"line":30,"column":20}},"21":{"start":{"line":31,"column":2},"end":{"line":31,"column":19}},"22":{"start":{"line":32,"column":2},"end":{"line":32,"column":22}},"23":{"start":{"line":35,"column":0},"end":{"line":43,"column":1}},"24":{"start":{"line":38,"column":2},"end":{"line":40,"column":3}},"25":{"start":{"line":39,"column":4},"end":{"line":39,"column":32}},"26":{"start":{"line":41,"column":2},"end":{"line":41,"column":52}},"27":{"start":{"line":42,"column":2},"end":{"line":42,"column":17}},"28":{"start":{"line":45,"column":0},"end":{"line":45,"column":54}},"29":{"start":{"line":48,"column":0},"end":{"line":56,"column":2}},"30":{"start":{"line":49,"column":2},"end":{"line":49,"column":29}},"31":{"start":{"line":50,"column":2},"end":{"line":50,"column":29}},"32":{"start":{"line":51,"column":2},"end":{"line":51,"column":38}},"33":{"start":{"line":52,"column":2},"end":{"line":52,"column":46}},"34":{"start":{"line":55,"column":2},"end":{"line":55,"column":23}},"35":{"start":{"line":57,"column":0},"end":{"line":89,"column":2}},"36":{"start":{"line":58,"column":2},"end":{"line":58,"column":33}},"37":{"start":{"line":59,"column":2},"end":{"line":59,"column":54}},"38":{"start":{"line":60,"column":2},"end":{"line":60,"column":36}},"39":{"start":{"line":61,"column":2},"end":{"line":61,"column":33}},"40":{"start":{"line":62,"column":2},"end":{"line":62,"column":52}},"41":{"start":{"line":63,"column":2},"end":{"line":63,"column":46}},"42":{"start":{"line":63,"column":26},"end":{"line":63,"column":46}},"43":{"start":{"line":64,"column":2},"end":{"line":64,"column":28}},"44":{"start":{"line":65,"column":2},"end":{"line":65,"column":31}},"45":{"start":{"line":66,"column":2},"end":{"line":66,"column":49}},"46":{"start":{"line":67,"column":2},"end":{"line":67,"column":27}},"47":{"start":{"line":68,"column":2},"end":{"line":68,"column":30}},"48":{"start":{"line":71,"column":2},"end":{"line":74,"column":3}},"49":{"start":{"line":72,"column":4},"end":{"line":72,"column":27}},"50":{"start":{"line":73,"column":4},"end":{"line":73,"column":11}},"51":{"start":{"line":78,"column":2},"end":{"line":87,"column":3}},"52":{"start":{"line":79,"column":4},"end":{"line":84,"column":5}},"53":{"start":{"line":80,"column":6},"end":{"line":80,"column":20}},"54":{"start":{"line":82,"column":6},"end":{"line":82,"column":29}},"55":{"start":{"line":83,"column":6},"end":{"line":83,"column":50}},"56":{"start":{"line":86,"column":4},"end":{"line":86,"column":18}},"57":{"start":{"line":88,"column":2},"end":{"line":88,"column":26}},"58":{"start":{"line":91,"column":0},"end":{"line":163,"column":2}},"59":{"start":{"line":93,"column":2},"end":{"line":93,"column":22}},"60":{"start":{"line":94,"column":2},"end":{"line":94,"column":17}},"61":{"start":{"line":97,"column":2},"end":{"line":106,"column":3}},"62":{"start":{"line":98,"column":4},"end":{"line":104,"column":5}},"63":{"start":{"line":99,"column":6},"end":{"line":99,"column":82}},"64":{"start":{"line":103,"column":6},"end":{"line":103,"column":69}},"65":{"start":{"line":105,"column":4},"end":{"line":105,"column":17}},"66":{"start":{"line":109,"column":2},"end":{"line":120,"column":3}},"67":{"start":{"line":111,"column":4},"end":{"line":111,"column":24}},"68":{"start":{"line":111,"column":17},"end":{"line":111,"column":24}},"69":{"start":{"line":113,"column":4},"end":{"line":113,"column":57}},"70":{"start":{"line":113,"column":24},"end":{"line":113,"column":57}},"71":{"start":{"line":115,"column":4},"end":{"line":115,"column":19}},"72":{"start":{"line":117,"column":4},"end":{"line":119,"column":10}},"73":{"start":{"line":118,"column":6},"end":{"line":118,"column":24}},"74":{"start":{"line":123,"column":2},"end":{"line":135,"column":3}},"75":{"start":{"line":124,"column":4},"end":{"line":124,"column":24}},"76":{"start":{"line":124,"column":17},"end":{"line":124,"column":24}},"77":{"start":{"line":125,"column":4},"end":{"line":132,"column":5}},"78":{"start":{"line":128,"column":6},"end":{"line":128,"column":48}},"79":{"start":{"line":130,"column":6},"end":{"line":130,"column":35}},"80":{"start":{"line":131,"column":6},"end":{"line":131,"column":13}},"81":{"start":{"line":134,"column":4},"end":{"line":134,"column":17}},"82":{"start":{"line":138,"column":2},"end":{"line":138,"column":61}},"83":{"start":{"line":138,"column":41},"end":{"line":138,"column":61}},"84":{"start":{"line":141,"column":2},"end":{"line":162,"column":3}},"85":{"start":{"line":143,"column":4},"end":{"line":143,"column":77}},"86":{"start":{"line":145,"column":4},"end":{"line":145,"column":63}},"87":{"start":{"line":147,"column":9},"end":{"line":162,"column":3}},"88":{"start":{"line":150,"column":4},"end":{"line":150,"column":67}},"89":{"start":{"line":152,"column":4},"end":{"line":152,"column":53}},"90":{"start":{"line":155,"column":4},"end":{"line":155,"column":17}},"91":{"start":{"line":156,"column":4},"end":{"line":158,"column":20}},"92":{"start":{"line":157,"column":6},"end":{"line":157,"column":45}},"93":{"start":{"line":159,"column":4},"end":{"line":161,"column":5}},"94":{"start":{"line":160,"column":6},"end":{"line":160,"column":22}},"95":{"start":{"line":165,"column":0},"end":{"line":167,"column":2}},"96":{"start":{"line":166,"column":2},"end":{"line":166,"column":58}},"97":{"start":{"line":169,"column":0},"end":{"line":169,"column":29}},"98":{"start":{"line":170,"column":0},"end":{"line":170,"column":41}},"99":{"start":{"line":172,"column":0},"end":{"line":172,"column":40}},"100":{"start":{"line":174,"column":0},"end":{"line":174,"column":41}},"101":{"start":{"line":176,"column":0},"end":{"line":184,"column":2}},"102":{"start":{"line":177,"column":2},"end":{"line":180,"column":3}},"103":{"start":{"line":178,"column":4},"end":{"line":178,"column":40}},"104":{"start":{"line":179,"column":4},"end":{"line":179,"column":24}},"105":{"start":{"line":181,"column":2},"end":{"line":181,"column":45}},"106":{"start":{"line":182,"column":2},"end":{"line":182,"column":19}},"107":{"start":{"line":183,"column":2},"end":{"line":183,"column":14}},"108":{"start":{"line":186,"column":0},"end":{"line":209,"column":2}},"109":{"start":{"line":187,"column":2},"end":{"line":192,"column":3}},"110":{"start":{"line":190,"column":4},"end":{"line":190,"column":30}},"111":{"start":{"line":191,"column":4},"end":{"line":191,"column":11}},"112":{"start":{"line":193,"column":2},"end":{"line":193,"column":27}},"113":{"start":{"line":195,"column":2},"end":{"line":195,"column":48}},"114":{"start":{"line":196,"column":2},"end":{"line":196,"column":49}},"115":{"start":{"line":197,"column":2},"end":{"line":197,"column":53}},"116":{"start":{"line":199,"column":2},"end":{"line":207,"column":3}},"117":{"start":{"line":200,"column":4},"end":{"line":200,"column":19}},"118":{"start":{"line":201,"column":4},"end":{"line":204,"column":6}},"119":{"start":{"line":202,"column":6},"end":{"line":202,"column":48}},"120":{"start":{"line":203,"column":6},"end":{"line":203,"column":13}},"121":{"start":{"line":205,"column":4},"end":{"line":205,"column":68}},"122":{"start":{"line":206,"column":4},"end":{"line":206,"column":11}},"123":{"start":{"line":208,"column":2},"end":{"line":208,"column":59}},"124":{"start":{"line":211,"column":0},"end":{"line":228,"column":2}},"125":{"start":{"line":212,"column":2},"end":{"line":212,"column":17}},"126":{"start":{"line":213,"column":2},"end":{"line":213,"column":41}},"127":{"start":{"line":214,"column":2},"end":{"line":220,"column":5}},"128":{"start":{"line":215,"column":4},"end":{"line":219,"column":7}},"129":{"start":{"line":221,"column":2},"end":{"line":227,"column":5}},"130":{"start":{"line":222,"column":4},"end":{"line":226,"column":5}},"131":{"start":{"line":223,"column":6},"end":{"line":223,"column":33}},"132":{"start":{"line":224,"column":6},"end":{"line":224,"column":26}},"133":{"start":{"line":225,"column":6},"end":{"line":225,"column":49}},"134":{"start":{"line":230,"column":0},"end":{"line":247,"column":2}},"135":{"start":{"line":231,"column":2},"end":{"line":246,"column":3}},"136":{"start":{"line":232,"column":4},"end":{"line":232,"column":55}},"137":{"start":{"line":233,"column":4},"end":{"line":233,"column":35}},"138":{"start":{"line":234,"column":4},"end":{"line":234,"column":42}},"139":{"start":{"line":235,"column":4},"end":{"line":235,"column":25}},"140":{"start":{"line":237,"column":9},"end":{"line":246,"column":3}},"141":{"start":{"line":238,"column":4},"end":{"line":239,"column":31}},"142":{"start":{"line":240,"column":4},"end":{"line":240,"column":59}},"143":{"start":{"line":240,"column":22},"end":{"line":240,"column":59}},"144":{"start":{"line":242,"column":9},"end":{"line":246,"column":3}},"145":{"start":{"line":243,"column":4},"end":{"line":245,"column":7}},"146":{"start":{"line":244,"column":6},"end":{"line":244,"column":40}},"147":{"start":{"line":249,"column":0},"end":{"line":249,"column":43}}},"branchMap":{"1":{"line":63,"type":"if","locations":[{"start":{"line":63,"column":2},"end":{"line":63,"column":2}},{"start":{"line":63,"column":2},"end":{"line":63,"column":2}}]},"2":{"line":71,"type":"if","locations":[{"start":{"line":71,"column":2},"end":{"line":71,"column":2}},{"start":{"line":71,"column":2},"end":{"line":71,"column":2}}]},"3":{"line":78,"type":"if","locations":[{"start":{"line":78,"column":2},"end":{"line":78,"column":2}},{"start":{"line":78,"column":2},"end":{"line":78,"column":2}}]},"4":{"line":98,"type":"if","locations":[{"start":{"line":98,"column":4},"end":{"line":98,"column":4}},{"start":{"line":98,"column":4},"end":{"line":98,"column":4}}]},"5":{"line":111,"type":"if","locations":[{"start":{"line":111,"column":4},"end":{"line":111,"column":4}},{"start":{"line":111,"column":4},"end":{"line":111,"column":4}}]},"6":{"line":113,"type":"if","locations":[{"start":{"line":113,"column":4},"end":{"line":113,"column":4}},{"start":{"line":113,"column":4},"end":{"line":113,"column":4}}]},"7":{"line":124,"type":"if","locations":[{"start":{"line":124,"column":4},"end":{"line":124,"column":4}},{"start":{"line":124,"column":4},"end":{"line":124,"column":4}}]},"8":{"line":138,"type":"if","locations":[{"start":{"line":138,"column":2},"end":{"line":138,"column":2}},{"start":{"line":138,"column":2},"end":{"line":138,"column":2}}]},"9":{"line":141,"type":"if","locations":[{"start":{"line":141,"column":2},"end":{"line":141,"column":2}},{"start":{"line":141,"column":2},"end":{"line":141,"column":2}}]},"10":{"line":147,"type":"if","locations":[{"start":{"line":147,"column":9},"end":{"line":147,"column":9}},{"start":{"line":147,"column":9},"end":{"line":147,"column":9}}]},"11":{"line":159,"type":"if","locations":[{"start":{"line":159,"column":4},"end":{"line":159,"column":4}},{"start":{"line":159,"column":4},"end":{"line":159,"column":4}}]},"12":{"line":159,"type":"binary-expr","locations":[{"start":{"line":159,"column":8},"end":{"line":159,"column":41}},{"start":{"line":159,"column":45},"end":{"line":159,"column":53}}]},"13":{"line":177,"type":"if","locations":[{"start":{"line":177,"column":2},"end":{"line":177,"column":2}},{"start":{"line":177,"column":2},"end":{"line":177,"column":2}}]},"14":{"line":187,"type":"if","locations":[{"start":{"line":187,"column":2},"end":{"line":187,"column":2}},{"start":{"line":187,"column":2},"end":{"line":187,"column":2}}]},"15":{"line":199,"type":"if","locations":[{"start":{"line":199,"column":2},"end":{"line":199,"column":2}},{"start":{"line":199,"column":2},"end":{"line":199,"column":2}}]},"16":{"line":222,"type":"if","locations":[{"start":{"line":222,"column":4},"end":{"line":222,"column":4}},{"start":{"line":222,"column":4},"end":{"line":222,"column":4}}]},"17":{"line":231,"type":"if","locations":[{"start":{"line":231,"column":2},"end":{"line":231,"column":2}},{"start":{"line":231,"column":2},"end":{"line":231,"column":2}}]},"18":{"line":237,"type":"if","locations":[{"start":{"line":237,"column":9},"end":{"line":237,"column":9}},{"start":{"line":237,"column":9},"end":{"line":237,"column":9}}]},"19":{"line":240,"type":"if","locations":[{"start":{"line":240,"column":4},"end":{"line":240,"column":4}},{"start":{"line":240,"column":4},"end":{"line":240,"column":4}}]},"20":{"line":242,"type":"if","locations":[{"start":{"line":242,"column":9},"end":{"line":242,"column":9}},{"start":{"line":242,"column":9},"end":{"line":242,"column":9}}]}},"code":["/*"," * App.js"," *"," * Provides the glue between views, controllers, and routes for an"," * application's functionality. Apps are responsible for creating pages."," *"," */","","var EventEmitter = require('events').EventEmitter;","var tracks = require('tracks');","var util = require('racer/lib/util');","var derbyTemplates = require('derby-templates');","var documentListeners = require('./documentListeners');","var Page = require('./Page');","var serializedViews = require('./_views');","","module.exports = App;","","function App(derby, name, filename, options) {","  EventEmitter.call(this);","  this.derby = derby;","  this.name = name;","  this.filename = filename;","  this.scriptHash = '{{DERBY_SCRIPT_HASH}}';","  this.bundledAt = '{{DERBY_BUNDLED_AT}}';","  this.Page = createAppPage();","  this.proto = this.Page.prototype;","  this.views = new derbyTemplates.templates.Views();","  this.tracksRoutes = tracks.setup(this);","  this.model = null;","  this.page = null;","  this._init(options);","}","","function createAppPage() {","  // Inherit from Page so that we can add controller functions as prototype","  // methods on this app's pages","  function AppPage() {","    Page.apply(this, arguments);","  }","  AppPage.prototype = Object.create(Page.prototype);","  return AppPage;","}","","util.mergeInto(App.prototype, EventEmitter.prototype);","","// Overriden on server","App.prototype._init = function() {","  this._waitForAttach = true;","  this._cancelAttach = false;","  this.model = new this.derby.Model();","  serializedViews(derbyTemplates, this.views);","  // Must init async so that app.on('model') listeners can be added.","  // Must also wait for content ready so that bundle is fully downloaded.","  this._contentReady();","};","App.prototype._finishInit = function() {","  var script = this._getScript();","  var data = JSON.parse(script.nextSibling.innerHTML);","  this.model.createConnection(data);","  this.emit('model', this.model);","  util.isProduction = data.nodeEnv === 'production';","  if (!util.isProduction) this._autoRefresh();","  this.model.unbundle(data);","  var page = this.createPage();","  page.params = this.model.get('$render.params');","  this.emit('ready', page);","  this._waitForAttach = false;","  // Instead of attaching, do a route and render if a link was clicked before","  // the page finished attaching","  if (this._cancelAttach) {","    this.history.refresh();","    return;","  }","  // Since an attachment failure is *fatal* and could happen as a result of a","  // browser extension like AdBlock, an invalid template, or a small bug in","  // Derby or Saddle, re-render from scratch on production failures","  if (util.isProduction) {","    try {","      page.attach();","    } catch (err) {","      this.history.refresh();","      console.warn('attachment error', err.stack);","    }","  } else {","    page.attach();","  }","  this.emit('load', page);","};","// Modified from: https://github.com/addyosmani/jquery.parts/blob/master/jquery.documentReady.js","App.prototype._contentReady = function() {","  // Is the DOM ready to be used? Set to true once it occurs.","  var isReady = false;","  var app = this;","","  // The ready event handler","  function onDOMContentLoaded() {","    if (document.addEventListener) {","      document.removeEventListener('DOMContentLoaded', onDOMContentLoaded, false);","    } else {","      // we're here because readyState !== 'loading' in oldIE","      // which is good enough for us to call the dom ready!","      document.detachEvent('onreadystatechange', onDOMContentLoaded);","    }","    onDOMReady();","  }","","  // Handle when the DOM is ready","  function onDOMReady() {","    // Make sure that the DOM is not already loaded","    if (isReady) return;","    // Make sure body exists, at least, in case IE gets a little overzealous (ticket #5443).","    if (!document.body) return setTimeout(onDOMReady, 0);","    // Remember that the DOM is ready","    isReady = true;","    // Make sure this is always async and then finishin init","    setTimeout(function() {","      app._finishInit();","    }, 0);","  }","","  // The DOM ready check for Internet Explorer","  function doScrollCheck() {","    if (isReady) return;","    try {","      // If IE is used, use the trick by Diego Perini","      // http://javascript.nwbox.com/IEContentLoaded/","      document.documentElement.doScroll('left');","    } catch (err) {","      setTimeout(doScrollCheck, 0);","      return;","    }","    // and execute any waiting functions","    onDOMReady();","  }","","  // Catch cases where called after the browser event has already occurred.","  if (document.readyState !== 'loading') return onDOMReady();","","  // Mozilla, Opera and webkit nightlies currently support this event","  if (document.addEventListener) {","    // Use the handy event callback","    document.addEventListener('DOMContentLoaded', onDOMContentLoaded, false);","    // A fallback to window.onload, that will always work","    window.addEventListener('load', onDOMContentLoaded, false);","    // If IE event model is used","  } else if (document.attachEvent) {","    // ensure firing before onload,","    // maybe late but safe also for iframes","    document.attachEvent('onreadystatechange', onDOMContentLoaded);","    // A fallback to window.onload, that will always work","    window.attachEvent('onload', onDOMContentLoaded);","    // If IE and not a frame","    // continually check to see if the document is ready","    var toplevel;","    try {","      toplevel = window.frameElement == null;","    } catch (err) {}","    if (document.documentElement.doScroll && toplevel) {","      doScrollCheck();","    }","  }","};","","App.prototype._getScript = function() {","  return document.querySelector('script[data-derby-app]');","};","","App.prototype.use = util.use;","App.prototype.serverUse = util.serverUse;","","App.prototype.loadViews = function() {};","","App.prototype.loadStyles = function() {};","","App.prototype.createPage = function() {","  if (this.page) {","    this.emit('destroyPage', this.page);","    this.page.destroy();","  }","  var page = new this.Page(this, this.model);","  this.page = page;","  return page;","};","","App.prototype.onRoute = function(callback, page, next, done) {","  if (this._waitForAttach) {","    // Cancel any routing before the initial page attachment. Instead, do a","    // render once derby is ready","    this._cancelAttach = true;","    return;","  }","  this.emit('route', page);","  // HACK: To update render in transitional routes","  page.model.set('$render.params', page.params);","  page.model.set('$render.url', page.params.url);","  page.model.set('$render.query', page.params.query);","  // If transitional","  if (done) {","    var app = this;","    var _done = function() {","      app.emit('routeDone', page, 'transition');","      done();","    };","    callback.call(page, page, page.model, page.params, next, _done);","    return;","  }","  callback.call(page, page, page.model, page.params, next);","};","","App.prototype._autoRefresh = function() {","  var app = this;","  var connection = this.model.connection;","  connection.on('connected', function() {","    connection.send({","      derby: 'app',","      name: app.name,","      hash: app.scriptHash","    });","  });","  connection.on('receive', function(request) {","    if (request.data.derby) {","      var message = request.data;","      request.data = null;","      app._handleMessage(message.derby, message);","    }","  });","};","","App.prototype._handleMessage = function(action, message) {","  if (action === 'refreshViews') {","    var fn = new Function('return ' + message.views)(); // jshint ignore:line","    fn(derbyTemplates, this.views);","    var ns = this.model.get('$render.ns');","    this.page.render(ns);","","  } else if (action === 'refreshStyles') {","    var styleElement = document.querySelector('style[data-filename=\"' +","      message.filename + '\"]');","    if (styleElement) styleElement.innerHTML = message.css;","","  } else if (action === 'reload') {","    this.model.whenNothingPending(function() {","      window.location = window.location;","    });","  }","};","","util.serverRequire(module, './App.server');",""],"l":{"9":1,"10":1,"11":1,"12":1,"13":1,"14":1,"15":1,"17":1,"19":1,"20":0,"21":0,"22":0,"23":0,"24":0,"25":0,"26":0,"27":0,"28":0,"29":0,"30":0,"31":0,"32":0,"35":1,"38":1,"39":0,"41":0,"42":0,"45":1,"48":1,"49":0,"50":0,"51":0,"52":0,"55":0,"57":1,"58":0,"59":0,"60":0,"61":0,"62":0,"63":0,"64":0,"65":0,"66":0,"67":0,"68":0,"71":0,"72":0,"73":0,"78":0,"79":0,"80":0,"82":0,"83":0,"86":0,"88":0,"91":1,"93":0,"94":0,"97":1,"98":0,"99":0,"103":0,"105":0,"109":1,"111":0,"113":0,"115":0,"117":0,"118":0,"123":1,"124":0,"125":0,"128":0,"130":0,"131":0,"134":0,"138":0,"141":0,"143":0,"145":0,"147":0,"150":0,"152":0,"155":0,"156":0,"157":0,"159":0,"160":0,"165":1,"166":0,"169":1,"170":1,"172":1,"174":1,"176":1,"177":0,"178":0,"179":0,"181":0,"182":0,"183":0,"186":1,"187":0,"190":0,"191":0,"193":0,"195":0,"196":0,"197":0,"199":0,"200":0,"201":0,"202":0,"203":0,"205":0,"206":0,"208":0,"211":1,"212":0,"213":0,"214":0,"215":0,"221":0,"222":0,"223":0,"224":0,"225":0,"230":1,"231":0,"232":0,"233":0,"234":0,"235":0,"237":0,"238":0,"240":0,"242":0,"243
[...]
esprima-derby');","var Syntax = esprima.Syntax;","","module.exports = createPathExpression;","","function createPathExpression(source) {","  var node = esprima.parse(source).expression;","  return reduce(node);","}","","function reduce(node) {","  var type = node.type;","  if (type === Syntax.MemberExpression) {","    return reduceMemberExpression(node);","  } else if (type === Syntax.Identifier) {","    return reduceIdentifier(node);","  } else if (type === Syntax.ThisExpression) {","    return reduceThis(node);","  } else if (type === Syntax.CallExpression) {","    return reduceCallExpression(node);","  } else if (type === Syntax.Literal) {","    return reduceLiteral(node);","  } else if (type === Syntax.UnaryExpression) {","    return reduceUnaryExpression(node);","  } else if (type === Syntax.BinaryExpression || type === Syntax.LogicalExpression) {","    return reduceBinaryExpression(node);","  } else if (type === Syntax.ConditionalExpression) {","    return reduceConditionalExpression(node);","  } else if (type === Syntax.ArrayExpression) {","    return reduceArrayExpression(node);","  } else if (type === Syntax.ObjectExpression) {","    return reduceObjectExpression(node);","  } else if (type === Syntax.SequenceExpression) {","    return reduceSequenceExpression(node);","  } else if (type === Syntax.NewExpression) {","    return reduceNewExpression(node);","  }","  unexpected(node);","}","","function reduceMemberExpression(node, afterSegments) {","  if (node.computed) {","    // Square brackets","    if (node.property.type === Syntax.Literal) {","      return reducePath(node, node.property.value, afterSegments);","    }","    var before = reduce(node.object);","    var inside = reduce(node.property);","    return new expressions.BracketsExpression(before, inside, afterSegments);","  }","  // Dot notation","  if (node.property.type === Syntax.Identifier) {","    return reducePath(node, node.property.name);","  }","  unexpected(node);","}","","function reducePath(node, segment, afterSegments) {","  var segments = [segment];","  if (afterSegments) segments = segments.concat(afterSegments);","  var relative = false;","  while (node = node.object) {","    if (node.type === Syntax.MemberExpression) {","      if (node.computed) {","        return reduceMemberExpression(node, segments);","      } else if (node.property.type === Syntax.Identifier) {","        segments.unshift(node.property.name);","      } else {","        unexpected(node);","      }","    } else if (node.type === Syntax.Identifier) {","      segments.unshift(node.name);","    } else if (node.type === Syntax.ThisExpression) {","      relative = true;","    } else if (node.type === Syntax.CallExpression) {","      return reduceCallExpression(node, segments);","    } else if (node.type === Syntax.SequenceExpression) {","      return reduceSequenceExpression(node, segments);","    } else if (node.type === Syntax.NewExpression) {","      return reduceNewExpression(node, segments);","    } else {","      unexpected(node);","    }","  }","  return (relative) ?","    new expressions.RelativePathExpression(segments) :","    createSegmentsExpression(segments);","}","","function reduceIdentifier(node) {","  var segments = [node.name];","  return createSegmentsExpression(segments);","}","","function reduceThis(node) {","  var segments = [];","  return new expressions.RelativePathExpression(segments);","}","","function createSegmentsExpression(segments) {","  var firstSegment = segments[0];","  var firstChar = firstSegment.charAt && firstSegment.charAt(0);","","  if (firstChar === '#') {","    var alias = firstSegment;","    segments.shift();","    return new expressions.AliasPathExpression(alias, segments);","","  } else if (firstChar === '@') {","    var attribute = firstSegment.slice(1);","    segments.shift();","    return new expressions.AttributePathExpression(attribute, segments);","","  } else {","    return new expressions.PathExpression(segments);","  }","}","","function reduceCallExpression(node, afterSegments) {","  return reduceFnExpression(node, afterSegments, expressions.FnExpression);","}","","function reduceNewExpression(node, afterSegments) {","  return reduceFnExpression(node, afterSegments, expressions.NewExpression);","}","","function reduceFnExpression(node, afterSegments, Constructor) {","  var args = node.arguments.map(reduce);","  var callee = node.callee;","  if (callee.type === Syntax.Identifier) {","    if (callee.name === '$at') {","      return new expressions.ScopedModelExpression(args[0]);","    }","    var segments = [callee.name];","    return new Constructor(segments, args, afterSegments);","  } else if (callee.type === Syntax.MemberExpression) {","    var segments = reduceMemberExpression(callee).segments;","    return new Constructor(segments, args, afterSegments);","  } else {","    unexpected(node);","  }","}","","function reduceLiteral(node) {","  return new expressions.LiteralExpression(node.value);","}","","function reduceUnaryExpression(node) {","  // `-` and `+` can be either unary or binary, so all unary operators are","  // postfixed with `U` to differentiate","  var operator = node.operator + 'U';","  var expression = reduce(node.argument);","  if (expression instanceof expressions.LiteralExpression) {","    var fn = operatorFns.get[operator];","    expression.value = fn(expression.value);","    return expression;","  }","  return new expressions.OperatorExpression(operator, [expression]);","}","","function reduceBinaryExpression(node) {","  var operator = node.operator;","  var left = reduce(node.left);","  var right = reduce(node.right);","  if (","    left instanceof expressions.LiteralExpression &&","    right instanceof expressions.LiteralExpression","  ) {","    var fn = operatorFns.get[operator];","    var value = fn(left.value, right.value);","    return new expressions.LiteralExpression(value);","  }","  return new expressions.OperatorExpression(operator, [left, right]);","}","","function reduceConditionalExpression(node) {","  var test = reduce(node.test);","  var consequent = reduce(node.consequent);","  var alternate = reduce(node.alternate);","  if (","    test instanceof expressions.LiteralExpression &&","    consequent instanceof expressions.LiteralExpression &&","    alternate instanceof expressions.LiteralExpression","  ) {","    var value = (test.value) ? consequent.value : alternate.value;","    return new expressions.LiteralExpression(value);","  }","  return new expressions.OperatorExpression('?', [test, consequent, alternate]);","}","","function reduceArrayExpression(node) {","  var elements = node.elements;","  var literal = [];","  var args = [];","  var isLiteral = true;","  for (var i = 0, len = elements.length; i < len; i++) {","    var expression = reduce(elements[i]);","    args.push(expression);","    if (isLiteral && expression instanceof expressions.LiteralExpression) {","      literal.push(expression.value);","    } else {","      isLiteral = false;","    }","  }","  return (isLiteral) ?","    new expressions.LiteralExpression(literal) :","    new expressions.OperatorExpression('[]', args);","}","","function reduceObjectExpression(node) {","  var properties = node.properties;","  var literal = {};","  var args = [];","  var isLiteral = true;","  for (var i = 0, len = properties.length; i < len; i++) {","    var property = properties[i];","    var key = getKeyName(property.key);","    var keyExpression = new expressions.LiteralExpression(key);","    var expression = reduce(property.value);","    args.push(keyExpression, expression);","    if (isLiteral && expression instanceof expressions.LiteralExpression) {","      literal[key] = expression.value;","    } else {","      isLiteral = false;","    }","  }","  return (isLiteral) ?","    new expressions.LiteralExpression(literal) :","    new expressions.OperatorExpression('{}', args);","}","","function getKeyName(key) {","  return (key.type === Syntax.Identifier) ? key.name :","    (key.type === Syntax.Literal) ? key.value :","    unexpected(key);","}","","function reduceSequenceExpression(node, afterSegments) {","  // Note that sequence expressions are not reduced to a literal if they only","  // contain literals. There isn't any utility to such an expression, so it","  // isn't worth optimizing.","  //","  // The fact that expressions separated by commas always parse into a sequence","  // is relied upon in parsing template tags that have comma-separated","  // arguments following a keyword","  var args = node.expressions.map(reduce);","  return new expressions.SequenceExpression(args, afterSegments);","}","","function unexpected(node) {","  throw new Error('Unexpected Esprima node: ' + JSON.stringify(node, null, 2));","}",""],"l":{"1":1,"2":1,"3":1,"4":1,"5":1,"7":1,"9":1,"10":0,"11":0,"14":1,"15":0,"16":0,"17":0,"18":0,"19":0,"20":0,"21":0,"22":0,"23":0,"24":0,"25":0,"26":0,"27":0,"28":0,"29":0,"30":0,"31":0,"32":0,"33":0,"34":0,"35":0,"36":0,"37":0,"38":0,"39":0,"41":0,"44":1,"45":0,"47":0,"48":0,"50":0,"51":0,"52":0,"55":0,"56":0,"58":0,"61":1,"62":0,"63":0,"64":0,"65":0,"66":0,"67":0,"68":0,"69":0,"70":0,"72":0,"74":0,"75":0,"76":0,"77":0,"78":0,"79":0,"80":0,"81":0,"82":0,"83":0,"85":0,"88":0,"93":1,"94":0,"95":0,"98":1,"99":0,"100":0,"103":1,"104":0,"105":0,"107":0,"108":0,"109":0,"110":0,"112":0,"113":0,"114":0,"115":0,"118":0,"122":1,"123":0,"126":1,"127":0,"130":1,"131":0,"132":0,"133":0,"134":0,"135":0,"137":0,"138":0,"139":0,"140":0,"141":0,"143":0,"147":1,"148":0,"151":1,"154":0,"155":0,"156":0,"157":0,"158":0,"159":0,"161":0,"164":1,"165":0,"166":0,"167":0,"168":0,"172":0,"173":0,"174":0,"176":0,"179":1,"180":0,"181":0,"182":0,"183":0,"188":0,"189":0,"191":0,"194":1,"195":0,"196":0,"197":0,"198":0,"199":0,"200":0,"201":0,"202":0,"203":0,"205":0,"208":0,"213":1,"214":0,"215":0,"216":0,"217":0,"218":0,"219":0,"220":0,"221":0,"222":0,"223":0,"224":0,"225":0,"227":0,"230":0,"235":1,"236":0,"241":1,"249":0,"250":0,"253":1,"254":0}},"/home/travis/build/npmtest/node-npmtest-derby/node_modules/derby-parsing/lib/markup.js":{"path":"/home/travis/build/npmtest/node-npmtest-derby/node_modules/derby-parsing/lib/markup.js","s":{"1":1,"2":1,"3":1,"4":1,"5":1,"6":1,"7":1,"8":1,"9":0,"10":0,"11":0,"12":0,"13":0,"14":1,"15":0,"16":0,"17":1,"18":0,"19":0,"20":0,"21":0,"22":0,"23":0,"24":0,"25":0,"26":1,"27":0,"28":0,"29":0,"30":1,"31":1,"32":16,"33":1},"b":{"1":[0,0],"2":[0,0],"3":[0,0],"4":[0,0],"5":[0,0],"6":[0,0],"7":[0,0],"8":[0,0]},"f":{"1":1,"2":0,"3":0,"4":0,"5":0,"6":1},"fnMap":{"1":{"name":"MarkupParser","line":9,"loc":{"start":{"line":9,"column":0},"end":{"line":9,"column":24}}},"2":{"name":"(anonymous_2)","line":14,"loc":{"start":{"line":14,"column":23},"end":{"line":14,"column":42}}},"3":{"name":"(anonymous_3)","line":24,"loc":{"start":{"line":24,"column":26},"end":{"line":24,"column":45}}},"4":{"name":"hasListenerFor","line":30,"loc":{"start":{"line":30,"column":0},"end":{"line":30,"column":45}}},"5":{"name":"addListener","line":42,"loc":{"start":{"line":42,"column":0},"end":{"line":42,"column":50}}},"6":{"name":"mergeInto","line":48,"loc":{"start":{"line":48,"column":0},"end":{"line":48,"column":29}}}},"statementMap":{"1":{"start":{"line":1,"column":0},"end":{"line":1,"column":50}},"2":{"start":{"line":2,"column":0},"end":{"line":2,"column":53}},"3":{"start":{"line":3,"column":0},"end":{"line":3,"column":61}},"4":{"start":{"line":7,"column":0},"end":{"line":7,"column":49}},"5":{"start":{"line":9,"column":0},"end":{"line":11,"column":1}},"6":{"start":{"line":10,"column":2},"end":{"line":10,"column":26}},"7":{"start":{"line":12,"column":0},"end":{"line":12,"column":58}},"8":{"start":{"line":14,"column":0},"end":{"line":22,"column":3}},"9":{"start":{"line":15,"column":2},"end":{"line":21,"column":3}},"10":{"start":{"line":16,"column":4},"end":{"line":16,"column":71}},"11":{"start":{"line":17,"column":4},"end":{"line":20,"column":5}},"12":{"start":{"line":18,"column":6},"end":{"line":18,"column":53}},"13":{"start":{"line":19,"column":6},"end":{"line":19,"column":64}},"14":{"start":{"line":24,"column":0},"end":{"line":28,"column":3}},"15":{"start":{"line":25,"column":2},"end":{"line":27,"column":3}},"16":{"start":{"line":26,"column":4},"end":{"line":26,"column":63}},"17":{"start":{"line":30,"column":0},"end":{"line":40,"column":1}},"18":{"start":{"line":31,"column":2},"end":{"line":31,"column":29}},"19":{"start":{"line":32,"column":2},"end":{"line":32,"column":27}},"20":{"start":{"line":32,"column":14},"end":{"line":32,"column":27}},"21":{"start":{"line":33,"column":2},"end":{"line":38,"column":3}},"22":{"start":{"line":34,"column":4},"end":{"line":34,"column":24}},"23":{"start":{"line":35,"column":4},"end":{"line":37,"column":5}},"24":{"start":{"line":36,"column":6},"end":{"line":36,"column":18}},"25":{"start":{"line":39,"column":2},"end":{"line":39,"column":15}},"26":{"start":{"line":42,"column":0},"end":{"line":46,"column":1}},"27":{"start":{"line":43,"column":2},"end":{"line":43,"column":54}},"28":{"start":{"line":44,"column":2},"end":{"line":44,"column":48}},"29":{"start":{"line":45,"column":2},"end":{"line":45,"column":61}},"30":{"start":{"line":48,"column":0},"end":{"line":53,"column":1}},"31":{"start":{"line":49,"column":2},"end":{"line":51,"column":3}},"32":{"start":{"line":50,"column":4},"end":{"line":50,"column":24}},"33":{"start":{"line":52,"column":2},"end":{"line":52,"column":12}}},"branchMap":{"1":{"line":15,"type":"if","locations":[{"start":{"line":15,"column":2},"end":{"line":15,"column":2}},{"start":{"line":15,"column":2},"end":{"line":15,"column":2}}]},"2":{"line":16,"type":"binary-expr","locations":[{"start":{"line":16,"column":21},"end":{"line":16,"column":40}},{"start":{"line":16,"column":45},"end":{"line":16,"column":69}}]},"3":{"line":17,"type":"if","locations":[{"start":{"line":17,"column":4},"end":{"line":17,"column":4}},{"start":{"line":17,"column":4},"end":{"line":17,"column":4}}]},"4":{"line":25,"type":"if","locations":[{"start":{"line":25,"column":2},"end":{"line":25,"column":2}},{"start":{"line":25,"column":2},"end":{"line":25,"column":2}}]},"5":{"line":32,"type":"if","locations":[{"start":{"line":32,"column":2},"end":{"line":32,"column":2}},{"start":{"line":32,"column":2},"end":{"line":32,"column":2}}]},"6":{"line":35,"type":"if","locations":[{"start":{"line":35,"column":4},"end":{"line":35,"column":4}},{"start":{"line":35,"column":4},"end":{"line":35,"column":4}}]},"7":{"line":35,"type":"binary-expr","locations":[{"start":{"line":35,"column":8},"end":{"line":35,"column":43}},{"start":{"line":35,"column":47},"end":{"line":35,"column":70}}]},"8":{"line":43,"type":"binary-expr","locations":[{"start":{"line":43,"column":14},"end":{"line":43,"column":28}},{"start":{"line":43,"column":33},"end":{"line":43,"column":52}}]}},"code":["var EventEmitter = require('events').EventEmitter;","var templates = require('derby-templates').templates;","var createPathExpression = require('./createPathExpression');","","// TODO: Should be its own module","","var markup = module.exports = new MarkupParser();","","function MarkupParser() {","  EventEmitter.call(this);","}","mergeInto(MarkupParser.prototype, EventEmitter.prototype);","","markup.on('element:a', function(template) {","  if (hasListenerFor(template, 'click')) {","    var attributes = template.attributes || (template.attributes = {});","    if (!attributes.href) {","      attributes.href = new templates.Attribute('#');","      addListener(template, 'click', '$preventDefault($event)');","    }","  }","});","","markup.on('element:form', function(template) {","  if (hasListenerFor(template, 'submit')) {","    addListener(template, 'submit', '$preventDefault($event)');","  }","});","","function hasListenerFor(template, eventName) {","  var hooks = template.hooks;","  if (!hooks) return false;","  for (var i = 0, len = hooks.length; i < len; i++) {","    var hook = hooks[i];","    if (hook instanceof templates.ElementOn && hook.name === eventName) {","      return true;","    }","  }","  return false;","}","","function addListener(template, eventName, source) {","  var hooks = template.hooks || (template.hooks = []);","  var expression = createPathExpression(source);","  hooks.push(new templates.ElementOn(eventName, expression));","}","","function mergeInto(to, from) {","  for (var key in from) {","    to[key] = from[key];","  }","  return to;","}",""],"l":{"1":1,"2":1,"3":1,"7":1,"9":1,"10":1,"12":1,"14":1,"15":0,"16":0,"17":0,"18":0,"19":0,"24":1,"25":0,"26":0,"30":1,"31":0,"32":0,"33":0,"34":0,"35":0,"36":0,"39":0,"42":1,"43":0,"44":0,"45":0,"48":1,"49":1,"50":16,"52":1}},"/home/travis/build/npmtest/node-npmtest-derby/node_modules/derby/lib/DerbyStandalone.js":{"path":"/home/travis/build/npmtest/node-npmtest-derby/node_modules/derby/lib/DerbyStandalone.js","s":{"1":2,"2":2,"3":2,"4":2,"5":2,"6":2,"7":2,"8":2,"9":1,"10":0,"11":0,"12":0,"13":0,"14":0,"15":0,"16":0,"17":0,"18":0,"19":0,"20":0,"21":0},"b":{},"f":{"1":0,"2":0,"3":0},"fnMap":{"1":{"name":"DerbyStandalone","line":14,"loc":{"start":{"line":14,"column":0},"end":{"line":14,"column":27}}},"2":{"name":"(anonymous_2)","line":25,"loc":{"start":{"line":25,"column":38},"end":{"line":25,"column":49}}},"3":{"name":"(anonymous_3)","line":30,"loc":{"start":{"line":30,"column":22},"end":{"line":30,"column":33}}}},"statementMap":{"1":{"start":{"line":1,"column":0},"end":{"line":1,"column":50}},"2":{"start":{"line":2,"column":0},"end":{"line":2,"column":55}},"3":{"start":{"line":3,"column":0},"end":{"line":3,"column":37}},"4":{"start":{"line":4,"column":0},"end":{"line":4,"column":27}},"5":{"start":{"line":5,"column":0},"end":{"line":5,"column":29}},"6":{"start":{"line":6,"column":0},"end":{"line":6,"column":41}},"7":{"start":{"line":8,"column":0},"end":{"line":8,"column":33}},"8":{"start":{"line":10,"column":0},"end":{"line":10,"column":45}},"9":{"start":{"line":14,"column":0},"end":{"line":16,"column":1}},"10":{"start":{"line":15,"column":2},"end":{"line":15,"column":26}},"11":{"start":{"line":17,"column":0},"end":{"line":17,"column":66}},"12":{"start":{"line":18,"column":0},"end":{"line":18,"column":40}},"13":{"start":{"line":19,"column":0},"end":{"line":19,"column":38}},"14":{"start":{"line":21,"column":0},"end":{"line":21,"column":36}},"15":{"start":{"line":22,"column":0},"end":{"line":22,"column":38}},"16":{"start":{"line":23,"column":0},"end":{"line":23,"column":59}},"17":{"start":{"line":25,"column":0},"end":{"line":27,"column":2}},"18":{"start":{"line":26,"column":2},"end":{"line":26,"column":23}},"19":{"start":{"line":30,"column":0},"end":{"line":33,"column":2}},"20":{"start":{"line":31,"column":2},"end":{"line":31,"column":38}},"21":{"start":{"line":32,"column":2},"end":{"line":32,"column":20}}},"branchMap":{},"code":["var EventEmitter = require('events').EventEmitter;","var Model = require('racer/lib/Model/ModelStandalone');","var util = require('racer/lib/util');","var App = require('./App');","var Page = require('./Page');","var components = require('./components');","","module.exports = DerbyStandalone;","","require('./documentListeners').add(document);","","// Standard Derby inherits from Racer, but we just do set up the event emitter","// and expose the Model and util here instead","function DerbyStandalone() {","  EventEmitter.call(this);","}","util.mergeInto(DerbyStandalone.prototype, EventEmitter.prototype);","DerbyStandalone.prototype.Model = Model;","DerbyStandalone.prototype.util = util;","","DerbyStandalone.prototype.App = App;","DerbyStandalone.prototype.Page = Page;","DerbyStandalone.prototype.Component = components.Component;","","DerbyStandalone.prototype.createApp = function() {","  return new App(this);","};","","// Overriden on server","App.prototype._init = function() {","  this.model = new this.derby.Model();","  this.createPage();","};",""],"l":{"1":2,"2":2,"3":2,"4":2,"5":2,"6":2,"8":2,"10":2,"14":1,"15":0,"17":0,"18":0,"19":0,"21":0,"22":0,"23":0,"25":0,"26":0,"30":0,"31":0,"32":0}}}